#
# There is insufficient memory for the Java Runtime Environment to continue.
# Native memory allocation (mmap) failed to map 27262976 bytes for Failed to commit area from 0x0000000089e00000 to 0x000000008b800000 of length 27262976.
# Possible reasons:
#   The system is out of physical RAM or swap space
#   The process is running with CompressedOops enabled, and the Java Heap may be blocking the growth of the native heap
# Possible solutions:
#   Reduce memory load on the system
#   Increase physical memory or swap space
#   Check if swap backing store is full
#   Decrease Java heap size (-Xmx/-Xms)
#   Decrease number of Java threads
#   Decrease Java thread stack sizes (-Xss)
#   Set larger code cache with -XX:ReservedCodeCacheSize=
#   JVM is running with Unscaled Compressed Oops mode in which the Java heap is
#     placed in the first 4GB address space. The Java Heap base address is the
#     maximum limit for the native heap growth. Please use -XX:HeapBaseMinAddress
#     to set the Java Heap base and to place the Java Heap above 4GB virtual address.
# This output file may be truncated or incomplete.
#
#  Out of Memory Error (./open/src/hotspot/os/windows/os_windows.cpp:3273), pid=12524, tid=16096
#
# JRE version: Java(TM) SE Runtime Environment 18.9 (11.0.12+8) (build 11.0.12+8-LTS-237)
# Java VM: Java HotSpot(TM) 64-Bit Server VM 18.9 (11.0.12+8-LTS-237, mixed mode, tiered, compressed oops, g1 gc, windows-amd64)
# No core dump will be written. Minidumps are not enabled by default on client versions of Windows
#

---------------  S U M M A R Y ------------

Command Line: -Dcom.sun.management.jmxremote -Dcom.sun.management.jmxremote.port=53754 -Dcom.sun.management.jmxremote.authenticate=false -Dcom.sun.management.jmxremote.ssl=false -Djava.rmi.server.hostname=localhost -Dspring.jmx.enabled=true -Dspring.application.admin.enabled=true -XX:TieredStopAtLevel=1 -Dspring.boot.project.name=dslearn -Dfile.encoding=UTF-8 com.devsuperior.dslearnbds.DslearnbdsApplication --spring.output.ansi.enabled=always

Host: Intel(R) Core(TM) i5-7200U CPU @ 2.50GHz, 4 cores, 7G,  Windows 10 , 64 bit Build 19041 (10.0.19041.1889)
Time: Mon Oct  3 23:48:02 2022 Hora oficial do Brasil elapsed time: 3.504569 seconds (0d 0h 0m 3s)

---------------  T H R E A D  ---------------

Current thread (0x000001d2fc2b1800):  VMThread "VM Thread" [stack: 0x00000069abc00000,0x00000069abd00000] [id=16096]

Stack: [0x00000069abc00000,0x00000069abd00000]
[error occurred during error reporting (printing stack bounds), id 0xc0000005, EXCEPTION_ACCESS_VIOLATION (0xc0000005) at pc=0x000001d280000f2d]

Native frames: (J=compiled Java code, j=interpreted, Vv=VM code, C=native code)
V  [jvm.dll+0x617d9a]
V  [jvm.dll+0x74eeef]
V  [jvm.dll+0x750599]
V  [jvm.dll+0x750b85]
V  [jvm.dll+0x750b3b]
V  [jvm.dll+0x6175d3]
V  [jvm.dll+0x617998]
C  [ntdll.dll+0xa235f]
C  [ntdll.dll+0x514a4]
C  [ntdll.dll+0xa0e8e]
C  0x000001d280000f2d

VM_Operation (0x00000069ab6fadb0): CollectForMetadataAllocation, mode: safepoint, requested by thread 0x000001d2eaeb1000


---------------  P R O C E S S  ---------------

Threads class SMR info:
_java_thread_list=0x000001d2fe8ac6e0, length=16, elements={
0x000001d2eaeb1000, 0x000001d2fc2d9000, 0x000001d2fc2e4800, 0x000001d2fcc82800,
0x000001d2fc2f4800, 0x000001d2fc2fd800, 0x000001d2fc306800, 0x000001d2fc307800,
0x000001d2fcd9f800, 0x000001d2fcd9e800, 0x000001d2fcda0000, 0x000001d2fcd9c000,
0x000001d2fcd9b800, 0x000001d2fcd9d000, 0x000001d2fcd9a800, 0x000001d2fcda1000
}

Java Threads: ( => current thread )
  0x000001d2eaeb1000 JavaThread "main" [_thread_blocked, id=16736, stack(0x00000069ab600000,0x00000069ab700000)]
  0x000001d2fc2d9000 JavaThread "Reference Handler" daemon [_thread_blocked, id=8564, stack(0x00000069abd00000,0x00000069abe00000)]
  0x000001d2fc2e4800 JavaThread "Finalizer" daemon [_thread_blocked, id=2236, stack(0x00000069abe00000,0x00000069abf00000)]
  0x000001d2fcc82800 JavaThread "Signal Dispatcher" daemon [_thread_blocked, id=9852, stack(0x00000069abf00000,0x00000069ac000000)]
  0x000001d2fc2f4800 JavaThread "Attach Listener" daemon [_thread_blocked, id=9080, stack(0x00000069ac000000,0x00000069ac100000)]
  0x000001d2fc2fd800 JavaThread "Service Thread" daemon [_thread_blocked, id=18044, stack(0x00000069ac100000,0x00000069ac200000)]
  0x000001d2fc306800 JavaThread "C1 CompilerThread0" daemon [_thread_blocked, id=9540, stack(0x00000069ac200000,0x00000069ac300000)]
  0x000001d2fc307800 JavaThread "Sweeper thread" daemon [_thread_blocked, id=11364, stack(0x00000069ac300000,0x00000069ac400000)]
  0x000001d2fcd9f800 JavaThread "Common-Cleaner" daemon [_thread_blocked, id=9432, stack(0x00000069ac400000,0x00000069ac500000)]
  0x000001d2fcd9e800 JavaThread "RMI TCP Accept-0" daemon [_thread_in_native, id=6696, stack(0x00000069ac500000,0x00000069ac600000)]
  0x000001d2fcda0000 JavaThread "RMI TCP Accept-53754" daemon [_thread_in_native, id=16480, stack(0x00000069ac600000,0x00000069ac700000)]
  0x000001d2fcd9c000 JavaThread "RMI TCP Accept-0" daemon [_thread_in_native, id=16440, stack(0x00000069ac700000,0x00000069ac800000)]
  0x000001d2fcd9b800 JavaThread "RMI TCP Connection(1)-127.0.0.1" daemon [_thread_in_native, id=9104, stack(0x00000069acc00000,0x00000069acd00000)]
  0x000001d2fcd9d000 JavaThread "RMI Scheduler(0)" daemon [_thread_blocked, id=12140, stack(0x00000069acd00000,0x00000069ace00000)]
  0x000001d2fcd9a800 JavaThread "RMI TCP Connection(2)-127.0.0.1" daemon [_thread_in_native, id=820, stack(0x00000069ace00000,0x00000069acf00000)]
  0x000001d2fcda1000 JavaThread "JMX server connection timeout 19" daemon [_thread_blocked, id=17820, stack(0x00000069acf00000,0x00000069ad000000)]

Other Threads:
=>0x000001d2fc2b1800 VMThread "VM Thread" [stack: 0x00000069abc00000,0x00000069abd00000] [id=16096]
  0x000001d2fd2e4800 WatcherThread [stack: 0x00000069ac800000,0x00000069ac900000] [id=10960]
  0x000001d2eaec6800 GCTaskThread "GC Thread#0" [stack: 0x00000069ab700000,0x00000069ab800000] [id=1916]
  0x000001d2fd2e9000 GCTaskThread "GC Thread#1" [stack: 0x00000069ac900000,0x00000069aca00000] [id=6432]
  0x000001d2fd2ea000 GCTaskThread "GC Thread#2" [stack: 0x00000069aca00000,0x00000069acb00000] [id=15480]
  0x000001d2fe5db000 GCTaskThread "GC Thread#3" [stack: 0x00000069ad100000,0x00000069ad200000] [id=8488]
  0x000001d2eaefa000 ConcurrentGCThread "G1 Main Marker" [stack: 0x00000069ab800000,0x00000069ab900000] [id=18104]
  0x000001d2eaefb800 ConcurrentGCThread "G1 Conc#0" [stack: 0x00000069ab900000,0x00000069aba00000] [id=12136]
  0x000001d2eaf7e800 ConcurrentGCThread "G1 Refine#0" [stack: 0x00000069aba00000,0x00000069abb00000] [id=18000]
  0x000001d2fcf30800 ConcurrentGCThread "G1 Refine#1" [stack: 0x00000069acb00000,0x00000069acc00000] [id=4544]
  0x000001d2fc130800 ConcurrentGCThread "G1 Young RemSet Sampling" [stack: 0x00000069abb00000,0x00000069abc00000] [id=17604]

Threads with active compile tasks:

VM state:at safepoint (normal execution)

VM Mutex/Monitor currently owned by a thread:  ([mutex/lock_event])
[0x000001d2eaead190] Threads_lock - owner thread: 0x000001d2fc2b1800
[0x000001d2eaead6a0] Heap_lock - owner thread: 0x000001d2eaeb1000

Heap address: 0x0000000081e00000, size: 2018 MB, Compressed Oops mode: 32-bit
Narrow klass base: 0x0000000000000000, Narrow klass shift: 3
Compressed class space size: 1073741824 Address: 0x0000000100000000

Heap:
 garbage-first heap   total 157696K, used 14564K [0x0000000081e00000, 0x0000000100000000)
  region size 1024K, 5 young (5120K), 5 survivors (5120K)
 Metaspace       used 34610K, capacity 35819K, committed 35840K, reserved 1081344K
  class space    used 4330K, capacity 4861K, committed 4864K, reserved 1048576K
Heap Regions: E=young(eden), S=young(survivor), O=old, HS=humongous(starts), HC=humongous(continues), CS=collection set, F=free, A=archive, TAMS=top-at-mark-start (previous, next)
|   0|0x0000000081e00000, 0x0000000081f00000, 0x0000000081f00000|100%|HS|  |TAMS 0x0000000081f00000, 0x0000000081f00000| Complete 
|   1|0x0000000081f00000, 0x0000000082000000, 0x0000000082000000|100%| O|  |TAMS 0x0000000082000000, 0x0000000082000000| Untracked 
|   2|0x0000000082000000, 0x0000000082100000, 0x0000000082100000|100%| O|  |TAMS 0x0000000082100000, 0x0000000082100000| Untracked 
|   3|0x0000000082100000, 0x0000000082200000, 0x0000000082200000|100%| O|  |TAMS 0x0000000082200000, 0x0000000082200000| Untracked 
|   4|0x0000000082200000, 0x0000000082300000, 0x0000000082300000|100%| O|  |TAMS 0x0000000082300000, 0x0000000082300000| Untracked 
|   5|0x0000000082300000, 0x0000000082400000, 0x0000000082400000|100%| O|  |TAMS 0x00000000823d9400, 0x0000000082400000| Untracked 
|   6|0x0000000082400000, 0x0000000082500000, 0x0000000082500000|100%| O|  |TAMS 0x0000000082400000, 0x0000000082500000| Untracked 
|   7|0x0000000082500000, 0x0000000082600000, 0x0000000082600000|100%| O|  |TAMS 0x0000000082500000, 0x0000000082600000| Untracked 
|   8|0x0000000082600000, 0x0000000082700000, 0x0000000082700000|100%| O|  |TAMS 0x0000000082600000, 0x0000000082700000| Untracked 
|   9|0x0000000082700000, 0x0000000082768200, 0x0000000082800000| 40%| O|  |TAMS 0x0000000082700000, 0x0000000082768200| Untracked 
|  10|0x0000000082800000, 0x0000000082800000, 0x0000000082900000|  0%| F|  |TAMS 0x0000000082800000, 0x0000000082800000| Untracked 
|  11|0x0000000082900000, 0x0000000082900000, 0x0000000082a00000|  0%| F|  |TAMS 0x0000000082900000, 0x0000000082900000| Untracked 
|  12|0x0000000082a00000, 0x0000000082a00000, 0x0000000082b00000|  0%| F|  |TAMS 0x0000000082a00000, 0x0000000082a00000| Untracked 
|  13|0x0000000082b00000, 0x0000000082b00000, 0x0000000082c00000|  0%| F|  |TAMS 0x0000000082b00000, 0x0000000082b00000| Untracked 
|  14|0x0000000082c00000, 0x0000000082c00000, 0x0000000082d00000|  0%| F|  |TAMS 0x0000000082c00000, 0x0000000082c00000| Untracked 
|  15|0x0000000082d00000, 0x0000000082d00000, 0x0000000082e00000|  0%| F|  |TAMS 0x0000000082d00000, 0x0000000082d00000| Untracked 
|  16|0x0000000082e00000, 0x0000000082e00000, 0x0000000082f00000|  0%| F|  |TAMS 0x0000000082e00000, 0x0000000082e00000| Untracked 
|  17|0x0000000082f00000, 0x0000000082f00000, 0x0000000083000000|  0%| F|  |TAMS 0x0000000082f00000, 0x0000000082f00000| Untracked 
|  18|0x0000000083000000, 0x0000000083000000, 0x0000000083100000|  0%| F|  |TAMS 0x0000000083000000, 0x0000000083000000| Untracked 
|  19|0x0000000083100000, 0x0000000083100000, 0x0000000083200000|  0%| F|  |TAMS 0x0000000083100000, 0x0000000083100000| Untracked 
|  20|0x0000000083200000, 0x0000000083200000, 0x0000000083300000|  0%| F|  |TAMS 0x0000000083200000, 0x0000000083200000| Untracked 
|  21|0x0000000083300000, 0x0000000083300000, 0x0000000083400000|  0%| F|  |TAMS 0x0000000083300000, 0x0000000083300000| Untracked 
|  22|0x0000000083400000, 0x0000000083400000, 0x0000000083500000|  0%| F|  |TAMS 0x0000000083400000, 0x0000000083400000| Untracked 
|  23|0x0000000083500000, 0x0000000083500000, 0x0000000083600000|  0%| F|  |TAMS 0x0000000083500000, 0x0000000083500000| Untracked 
|  24|0x0000000083600000, 0x0000000083600000, 0x0000000083700000|  0%| F|  |TAMS 0x0000000083600000, 0x0000000083600000| Untracked 
|  25|0x0000000083700000, 0x0000000083700000, 0x0000000083800000|  0%| F|  |TAMS 0x0000000083700000, 0x0000000083700000| Untracked 
|  26|0x0000000083800000, 0x0000000083800000, 0x0000000083900000|  0%| F|  |TAMS 0x0000000083800000, 0x0000000083800000| Untracked 
|  27|0x0000000083900000, 0x0000000083900000, 0x0000000083a00000|  0%| F|  |TAMS 0x0000000083900000, 0x0000000083900000| Untracked 
|  28|0x0000000083a00000, 0x0000000083a00000, 0x0000000083b00000|  0%| F|  |TAMS 0x0000000083a00000, 0x0000000083a00000| Untracked 
|  29|0x0000000083b00000, 0x0000000083b00000, 0x0000000083c00000|  0%| F|  |TAMS 0x0000000083b00000, 0x0000000083b00000| Untracked 
|  30|0x0000000083c00000, 0x0000000083c00000, 0x0000000083d00000|  0%| F|  |TAMS 0x0000000083c00000, 0x0000000083c00000| Untracked 
|  31|0x0000000083d00000, 0x0000000083d00000, 0x0000000083e00000|  0%| F|  |TAMS 0x0000000083d00000, 0x0000000083d00000| Untracked 
|  32|0x0000000083e00000, 0x0000000083e00000, 0x0000000083f00000|  0%| F|  |TAMS 0x0000000083e00000, 0x0000000083e00000| Untracked 
|  33|0x0000000083f00000, 0x0000000083f00000, 0x0000000084000000|  0%| F|  |TAMS 0x0000000083f00000, 0x0000000083f00000| Untracked 
|  34|0x0000000084000000, 0x0000000084000000, 0x0000000084100000|  0%| F|  |TAMS 0x0000000084000000, 0x0000000084000000| Untracked 
|  35|0x0000000084100000, 0x0000000084100000, 0x0000000084200000|  0%| F|  |TAMS 0x0000000084100000, 0x0000000084100000| Untracked 
|  36|0x0000000084200000, 0x0000000084200000, 0x0000000084300000|  0%| F|  |TAMS 0x0000000084200000, 0x0000000084200000| Untracked 
|  37|0x0000000084300000, 0x0000000084300000, 0x0000000084400000|  0%| F|  |TAMS 0x0000000084300000, 0x0000000084300000| Untracked 
|  38|0x0000000084400000, 0x0000000084400000, 0x0000000084500000|  0%| F|  |TAMS 0x0000000084400000, 0x0000000084400000| Untracked 
|  39|0x0000000084500000, 0x0000000084500000, 0x0000000084600000|  0%| F|  |TAMS 0x0000000084500000, 0x0000000084500000| Untracked 
|  40|0x0000000084600000, 0x0000000084600000, 0x0000000084700000|  0%| F|  |TAMS 0x0000000084600000, 0x0000000084600000| Untracked 
|  41|0x0000000084700000, 0x0000000084700000, 0x0000000084800000|  0%| F|  |TAMS 0x0000000084700000, 0x0000000084700000| Untracked 
|  42|0x0000000084800000, 0x0000000084800000, 0x0000000084900000|  0%| F|  |TAMS 0x0000000084800000, 0x0000000084800000| Untracked 
|  43|0x0000000084900000, 0x0000000084900000, 0x0000000084a00000|  0%| F|  |TAMS 0x0000000084900000, 0x0000000084900000| Untracked 
|  44|0x0000000084a00000, 0x0000000084a00000, 0x0000000084b00000|  0%| F|  |TAMS 0x0000000084a00000, 0x0000000084a00000| Untracked 
|  45|0x0000000084b00000, 0x0000000084b00000, 0x0000000084c00000|  0%| F|  |TAMS 0x0000000084b00000, 0x0000000084b00000| Untracked 
|  46|0x0000000084c00000, 0x0000000084c00000, 0x0000000084d00000|  0%| F|  |TAMS 0x0000000084c00000, 0x0000000084c00000| Untracked 
|  47|0x0000000084d00000, 0x0000000084d00000, 0x0000000084e00000|  0%| F|  |TAMS 0x0000000084d00000, 0x0000000084d00000| Untracked 
|  48|0x0000000084e00000, 0x0000000084e00000, 0x0000000084f00000|  0%| F|  |TAMS 0x0000000084e00000, 0x0000000084e00000| Untracked 
|  49|0x0000000084f00000, 0x0000000084f00000, 0x0000000085000000|  0%| F|  |TAMS 0x0000000084f00000, 0x0000000084f00000| Untracked 
|  50|0x0000000085000000, 0x0000000085000000, 0x0000000085100000|  0%| F|  |TAMS 0x0000000085000000, 0x0000000085000000| Untracked 
|  51|0x0000000085100000, 0x0000000085100000, 0x0000000085200000|  0%| F|  |TAMS 0x0000000085100000, 0x0000000085100000| Untracked 
|  52|0x0000000085200000, 0x0000000085200000, 0x0000000085300000|  0%| F|  |TAMS 0x0000000085200000, 0x0000000085200000| Untracked 
|  53|0x0000000085300000, 0x0000000085300000, 0x0000000085400000|  0%| F|  |TAMS 0x0000000085300000, 0x0000000085300000| Untracked 
|  54|0x0000000085400000, 0x0000000085400000, 0x0000000085500000|  0%| F|  |TAMS 0x0000000085400000, 0x0000000085400000| Untracked 
|  55|0x0000000085500000, 0x0000000085500000, 0x0000000085600000|  0%| F|  |TAMS 0x0000000085500000, 0x0000000085500000| Untracked 
|  56|0x0000000085600000, 0x0000000085600000, 0x0000000085700000|  0%| F|  |TAMS 0x0000000085600000, 0x0000000085600000| Untracked 
|  57|0x0000000085700000, 0x0000000085700000, 0x0000000085800000|  0%| F|  |TAMS 0x0000000085700000, 0x0000000085700000| Untracked 
|  58|0x0000000085800000, 0x0000000085800000, 0x0000000085900000|  0%| F|  |TAMS 0x0000000085800000, 0x0000000085800000| Untracked 
|  59|0x0000000085900000, 0x0000000085900000, 0x0000000085a00000|  0%| F|  |TAMS 0x0000000085900000, 0x0000000085900000| Untracked 
|  60|0x0000000085a00000, 0x0000000085a00000, 0x0000000085b00000|  0%| F|  |TAMS 0x0000000085a00000, 0x0000000085a00000| Untracked 
|  61|0x0000000085b00000, 0x0000000085b00000, 0x0000000085c00000|  0%| F|  |TAMS 0x0000000085b00000, 0x0000000085b00000| Untracked 
|  62|0x0000000085c00000, 0x0000000085c00000, 0x0000000085d00000|  0%| F|  |TAMS 0x0000000085c00000, 0x0000000085c00000| Untracked 
|  63|0x0000000085d00000, 0x0000000085d00000, 0x0000000085e00000|  0%| F|  |TAMS 0x0000000085d00000, 0x0000000085d00000| Untracked 
|  64|0x0000000085e00000, 0x0000000085e00000, 0x0000000085f00000|  0%| F|  |TAMS 0x0000000085e00000, 0x0000000085e00000| Untracked 
|  65|0x0000000085f00000, 0x0000000085f00000, 0x0000000086000000|  0%| F|  |TAMS 0x0000000085f00000, 0x0000000085f00000| Untracked 
|  66|0x0000000086000000, 0x0000000086000000, 0x0000000086100000|  0%| F|  |TAMS 0x0000000086000000, 0x0000000086000000| Untracked 
|  67|0x0000000086100000, 0x0000000086100000, 0x0000000086200000|  0%| F|  |TAMS 0x0000000086100000, 0x0000000086100000| Untracked 
|  68|0x0000000086200000, 0x0000000086200000, 0x0000000086300000|  0%| F|  |TAMS 0x0000000086200000, 0x0000000086200000| Untracked 
|  69|0x0000000086300000, 0x0000000086300000, 0x0000000086400000|  0%| F|  |TAMS 0x0000000086300000, 0x0000000086300000| Untracked 
|  70|0x0000000086400000, 0x0000000086400000, 0x0000000086500000|  0%| F|  |TAMS 0x0000000086400000, 0x0000000086400000| Untracked 
|  71|0x0000000086500000, 0x0000000086500000, 0x0000000086600000|  0%| F|  |TAMS 0x0000000086500000, 0x0000000086500000| Untracked 
|  72|0x0000000086600000, 0x0000000086600000, 0x0000000086700000|  0%| F|  |TAMS 0x0000000086600000, 0x0000000086600000| Untracked 
|  73|0x0000000086700000, 0x0000000086700000, 0x0000000086800000|  0%| F|  |TAMS 0x0000000086700000, 0x0000000086700000| Untracked 
|  74|0x0000000086800000, 0x0000000086800000, 0x0000000086900000|  0%| F|  |TAMS 0x0000000086800000, 0x0000000086800000| Untracked 
|  75|0x0000000086900000, 0x0000000086900000, 0x0000000086a00000|  0%| F|  |TAMS 0x0000000086900000, 0x0000000086900000| Untracked 
|  76|0x0000000086a00000, 0x0000000086a00000, 0x0000000086b00000|  0%| F|  |TAMS 0x0000000086a00000, 0x0000000086a00000| Untracked 
|  77|0x0000000086b00000, 0x0000000086b00000, 0x0000000086c00000|  0%| F|  |TAMS 0x0000000086b00000, 0x0000000086b00000| Untracked 
|  78|0x0000000086c00000, 0x0000000086c00000, 0x0000000086d00000|  0%| F|  |TAMS 0x0000000086c00000, 0x0000000086c00000| Untracked 
|  79|0x0000000086d00000, 0x0000000086d00000, 0x0000000086e00000|  0%| F|  |TAMS 0x0000000086d00000, 0x0000000086d00000| Untracked 
|  80|0x0000000086e00000, 0x0000000086e00000, 0x0000000086f00000|  0%| F|  |TAMS 0x0000000086e00000, 0x0000000086e00000| Untracked 
|  81|0x0000000086f00000, 0x0000000086f00000, 0x0000000087000000|  0%| F|  |TAMS 0x0000000086f00000, 0x0000000086f00000| Untracked 
|  82|0x0000000087000000, 0x0000000087000000, 0x0000000087100000|  0%| F|  |TAMS 0x0000000087000000, 0x0000000087000000| Untracked 
|  83|0x0000000087100000, 0x0000000087100000, 0x0000000087200000|  0%| F|  |TAMS 0x0000000087100000, 0x0000000087100000| Untracked 
|  84|0x0000000087200000, 0x0000000087200000, 0x0000000087300000|  0%| F|  |TAMS 0x0000000087200000, 0x0000000087200000| Untracked 
|  85|0x0000000087300000, 0x0000000087300000, 0x0000000087400000|  0%| F|  |TAMS 0x0000000087300000, 0x0000000087300000| Untracked 
|  86|0x0000000087400000, 0x0000000087400000, 0x0000000087500000|  0%| F|  |TAMS 0x0000000087400000, 0x0000000087400000| Untracked 
|  87|0x0000000087500000, 0x0000000087500000, 0x0000000087600000|  0%| F|  |TAMS 0x0000000087500000, 0x0000000087500000| Untracked 
|  88|0x0000000087600000, 0x0000000087600000, 0x0000000087700000|  0%| F|  |TAMS 0x0000000087600000, 0x0000000087600000| Untracked 
|  89|0x0000000087700000, 0x0000000087700000, 0x0000000087800000|  0%| F|  |TAMS 0x0000000087700000, 0x0000000087700000| Untracked 
|  90|0x0000000087800000, 0x0000000087800000, 0x0000000087900000|  0%| F|  |TAMS 0x0000000087800000, 0x0000000087800000| Untracked 
|  91|0x0000000087900000, 0x0000000087900000, 0x0000000087a00000|  0%| F|  |TAMS 0x0000000087900000, 0x0000000087900000| Untracked 
|  92|0x0000000087a00000, 0x0000000087a00000, 0x0000000087b00000|  0%| F|  |TAMS 0x0000000087a00000, 0x0000000087a00000| Untracked 
|  93|0x0000000087b00000, 0x0000000087b00000, 0x0000000087c00000|  0%| F|  |TAMS 0x0000000087b00000, 0x0000000087b00000| Untracked 
|  94|0x0000000087c00000, 0x0000000087c00000, 0x0000000087d00000|  0%| F|  |TAMS 0x0000000087c00000, 0x0000000087c00000| Untracked 
|  95|0x0000000087d00000, 0x0000000087d00000, 0x0000000087e00000|  0%| F|  |TAMS 0x0000000087d00000, 0x0000000087d00000| Untracked 
|  96|0x0000000087e00000, 0x0000000087e00000, 0x0000000087f00000|  0%| F|  |TAMS 0x0000000087e00000, 0x0000000087e00000| Untracked 
|  97|0x0000000087f00000, 0x0000000087f00000, 0x0000000088000000|  0%| F|  |TAMS 0x0000000087f00000, 0x0000000087f00000| Untracked 
|  98|0x0000000088000000, 0x0000000088000000, 0x0000000088100000|  0%| F|  |TAMS 0x0000000088000000, 0x0000000088000000| Untracked 
|  99|0x0000000088100000, 0x0000000088100000, 0x0000000088200000|  0%| F|  |TAMS 0x0000000088100000, 0x0000000088100000| Untracked 
| 100|0x0000000088200000, 0x0000000088200000, 0x0000000088300000|  0%| F|  |TAMS 0x0000000088200000, 0x0000000088200000| Untracked 
| 101|0x0000000088300000, 0x0000000088300000, 0x0000000088400000|  0%| F|  |TAMS 0x0000000088300000, 0x0000000088300000| Untracked 
| 102|0x0000000088400000, 0x0000000088400000, 0x0000000088500000|  0%| F|  |TAMS 0x0000000088400000, 0x0000000088400000| Untracked 
| 103|0x0000000088500000, 0x0000000088500000, 0x0000000088600000|  0%| F|  |TAMS 0x0000000088500000, 0x0000000088500000| Untracked 
| 104|0x0000000088600000, 0x0000000088600000, 0x0000000088700000|  0%| F|  |TAMS 0x0000000088600000, 0x0000000088600000| Untracked 
| 105|0x0000000088700000, 0x0000000088700000, 0x0000000088800000|  0%| F|  |TAMS 0x0000000088700000, 0x0000000088700000| Untracked 
| 106|0x0000000088800000, 0x0000000088800000, 0x0000000088900000|  0%| F|  |TAMS 0x0000000088800000, 0x0000000088800000| Untracked 
| 107|0x0000000088900000, 0x0000000088900000, 0x0000000088a00000|  0%| F|  |TAMS 0x0000000088900000, 0x0000000088900000| Untracked 
| 108|0x0000000088a00000, 0x0000000088a00000, 0x0000000088b00000|  0%| F|  |TAMS 0x0000000088a00000, 0x0000000088a00000| Untracked 
| 109|0x0000000088b00000, 0x0000000088b00000, 0x0000000088c00000|  0%| F|  |TAMS 0x0000000088b00000, 0x0000000088b00000| Untracked 
| 110|0x0000000088c00000, 0x0000000088cd0f90, 0x0000000088d00000| 81%| S|CS|TAMS 0x0000000088c00000, 0x0000000088c00000| Complete 
| 111|0x0000000088d00000, 0x0000000088e00000, 0x0000000088e00000|100%| S|CS|TAMS 0x0000000088d00000, 0x0000000088d00000| Complete 
| 112|0x0000000088e00000, 0x0000000088f00000, 0x0000000088f00000|100%| S|CS|TAMS 0x0000000088e00000, 0x0000000088e00000| Complete 
| 113|0x0000000088f00000, 0x0000000089000000, 0x0000000089000000|100%| S|CS|TAMS 0x0000000088f00000, 0x0000000088f00000| Complete 
| 114|0x0000000089000000, 0x0000000089100000, 0x0000000089100000|100%| S|CS|TAMS 0x0000000089000000, 0x0000000089000000| Complete 
| 115|0x0000000089100000, 0x0000000089100000, 0x0000000089200000|  0%| F|  |TAMS 0x0000000089100000, 0x0000000089100000| Untracked 
| 116|0x0000000089200000, 0x0000000089200000, 0x0000000089300000|  0%| F|  |TAMS 0x0000000089200000, 0x0000000089200000| Untracked 
| 117|0x0000000089300000, 0x0000000089300000, 0x0000000089400000|  0%| F|  |TAMS 0x0000000089300000, 0x0000000089300000| Untracked 
| 118|0x0000000089400000, 0x0000000089400000, 0x0000000089500000|  0%| F|  |TAMS 0x0000000089400000, 0x0000000089400000| Untracked 
| 119|0x0000000089500000, 0x0000000089500000, 0x0000000089600000|  0%| F|  |TAMS 0x0000000089500000, 0x0000000089500000| Untracked 
| 120|0x0000000089600000, 0x0000000089600000, 0x0000000089700000|  0%| F|  |TAMS 0x0000000089600000, 0x0000000089600000| Untracked 
| 121|0x0000000089700000, 0x0000000089700000, 0x0000000089800000|  0%| F|  |TAMS 0x0000000089700000, 0x0000000089700000| Untracked 
| 122|0x0000000089800000, 0x0000000089800000, 0x0000000089900000|  0%| F|  |TAMS 0x0000000089800000, 0x0000000089800000| Untracked 
| 123|0x0000000089900000, 0x0000000089900000, 0x0000000089a00000|  0%| F|  |TAMS 0x0000000089900000, 0x0000000089900000| Untracked 
| 124|0x0000000089a00000, 0x0000000089a00000, 0x0000000089b00000|  0%| F|  |TAMS 0x0000000089a00000, 0x0000000089a00000| Untracked 
| 125|0x0000000089b00000, 0x0000000089b00000, 0x0000000089c00000|  0%| F|  |TAMS 0x0000000089b00000, 0x0000000089b00000| Untracked 
| 126|0x0000000089c00000, 0x0000000089c00000, 0x0000000089d00000|  0%| F|  |TAMS 0x0000000089c00000, 0x0000000089c00000| Untracked 
| 127|0x0000000089d00000, 0x0000000089d00000, 0x0000000089e00000|  0%| F|  |TAMS 0x0000000089d00000, 0x0000000089d00000| Untracked 

Card table byte_map: [0x000001d2f5570000,0x000001d2f5970000] _byte_map_base: 0x000001d2f5161000

Marking Bits (Prev, Next): (CMBitMap*) 0x000001d2eaef1440, (CMBitMap*) 0x000001d2eaef1408
 Prev Bits: [0x000001d2f7d00000, 0x000001d2f9c88000)
 Next Bits: [0x000001d2f5d70000, 0x000001d2f7cf8000)

Polling page: 0x000001d2ead60000

Metaspace:

Usage:
  Non-class:     30.23 MB capacity,    29.57 MB ( 98%) used,   542.63 KB (  2%) free+waste,   134.50 KB ( <1%) overhead. 
      Class:      4.75 MB capacity,     4.23 MB ( 89%) used,   463.04 KB ( 10%) free+waste,    67.94 KB (  1%) overhead. 
       Both:     34.98 MB capacity,    33.80 MB ( 97%) used,  1005.67 KB (  3%) free+waste,   202.44 KB ( <1%) overhead. 

Virtual space:
  Non-class space:       32.00 MB reserved,      30.25 MB ( 95%) committed 
      Class space:        1.00 GB reserved,       4.75 MB ( <1%) committed 
             Both:        1.03 GB reserved,      35.00 MB (  3%) committed 

Chunk freelists:
   Non-Class:  2.25 KB
       Class:  384 bytes
        Both:  2.63 KB

CodeHeap 'non-profiled nmethods': size=238912Kb used=4984Kb max_used=4984Kb free=233927Kb
 bounds [0x000001d2806b0000, 0x000001d280b90000, 0x000001d28f000000]
CodeHeap 'non-nmethods': size=6848Kb used=1154Kb max_used=1154Kb free=5693Kb
 bounds [0x000001d280000000, 0x000001d280270000, 0x000001d2806b0000]
 total_blobs=3749 nmethods=3261 adapters=414
 compilation: enabled
              stopped_count=0, restarted_count=0
 full_count=0

Compilation events (10 events):
Event: 3.488 Thread 0x000001d2fc306800 3257       1       jdk.internal.misc.Unsafe::putLong (8 bytes)
Event: 3.488 Thread 0x000001d2fc306800 nmethod 3257 0x000001d280b8cd90 code [0x000001d280b8cf20, 0x000001d280b8cfd8]
Event: 3.488 Thread 0x000001d2fc306800 3258       1       java.util.concurrent.TimeUnit::toMillis (69 bytes)
Event: 3.488 Thread 0x000001d2fc306800 nmethod 3258 0x000001d280b8d090 code [0x000001d280b8d220, 0x000001d280b8d3b8]
Event: 3.488 Thread 0x000001d2fc306800 3259       1       java.util.zip.ZipFile$Source$Key::hashCode (29 bytes)
Event: 3.488 Thread 0x000001d2fc306800 nmethod 3259 0x000001d280b8d490 code [0x000001d280b8d660, 0x000001d280b8d928]
Event: 3.488 Thread 0x000001d2fc306800 3260       1       java.nio.file.attribute.FileTime::toMillis (98 bytes)
Event: 3.489 Thread 0x000001d2fc306800 nmethod 3260 0x000001d280b8db10 code [0x000001d280b8dcc0, 0x000001d280b8df08]
Event: 3.489 Thread 0x000001d2fc306800 3261       1       java.net.URI::isOpaque (13 bytes)
Event: 3.489 Thread 0x000001d2fc306800 nmethod 3261 0x000001d280b8e010 code [0x000001d280b8e1a0, 0x000001d280b8e278]

GC Heap History (10 events):
Event: 1.650 GC heap after
{Heap after GC invocations=2 (full 0):
 garbage-first heap   total 131072K, used 7460K [0x0000000081e00000, 0x0000000100000000)
  region size 1024K, 2 young (2048K), 2 survivors (2048K)
 Metaspace       used 15481K, capacity 16014K, committed 16256K, reserved 1062912K
  class space    used 1692K, capacity 1869K, committed 1920K, reserved 1048576K
}
Event: 2.000 GC heap before
{Heap before GC invocations=2 (full 0):
 garbage-first heap   total 131072K, used 31012K [0x0000000081e00000, 0x0000000100000000)
  region size 1024K, 26 young (26624K), 2 survivors (2048K)
 Metaspace       used 20400K, capacity 21167K, committed 21248K, reserved 1067008K
  class space    used 2435K, capacity 2752K, committed 2816K, reserved 1048576K
}
Event: 2.005 GC heap after
{Heap after GC invocations=3 (full 0):
 garbage-first heap   total 131072K, used 8977K [0x0000000081e00000, 0x0000000100000000)
  region size 1024K, 3 young (3072K), 3 survivors (3072K)
 Metaspace       used 20400K, capacity 21167K, committed 21248K, reserved 1067008K
  class space    used 2435K, capacity 2752K, committed 2816K, reserved 1048576K
}
Event: 2.286 GC heap before
{Heap before GC invocations=4 (full 0):
 garbage-first heap   total 131072K, used 47889K [0x0000000081e00000, 0x0000000100000000)
  region size 1024K, 42 young (43008K), 3 survivors (3072K)
 Metaspace       used 26073K, capacity 26919K, committed 27136K, reserved 1073152K
  class space    used 3152K, capacity 3461K, committed 3584K, reserved 1048576K
}
Event: 2.293 GC heap after
{Heap after GC invocations=5 (full 0):
 garbage-first heap   total 131072K, used 10085K [0x0000000081e00000, 0x0000000100000000)
  region size 1024K, 4 young (4096K), 4 survivors (4096K)
 Metaspace       used 26073K, capacity 26919K, committed 27136K, reserved 1073152K
  class space    used 3152K, capacity 3461K, committed 3584K, reserved 1048576K
}
Event: 2.716 GC heap before
{Heap before GC invocations=5 (full 0):
 garbage-first heap   total 131072K, used 65381K [0x0000000081e00000, 0x0000000100000000)
  region size 1024K, 59 young (60416K), 4 survivors (4096K)
 Metaspace       used 28628K, capacity 29698K, committed 29824K, reserved 1075200K
  class space    used 3514K, capacity 3956K, committed 3968K, reserved 1048576K
}
Event: 2.724 GC heap after
{Heap after GC invocations=6 (full 0):
 garbage-first heap   total 131072K, used 11825K [0x0000000081e00000, 0x0000000100000000)
  region size 1024K, 6 young (6144K), 6 survivors (6144K)
 Metaspace       used 28628K, capacity 29698K, committed 29824K, reserved 1075200K
  class space    used 3514K, capacity 3956K, committed 3968K, reserved 1048576K
}
Event: 3.416 GC heap before
{Heap before GC invocations=6 (full 0):
 garbage-first heap   total 131072K, used 82481K [0x0000000081e00000, 0x0000000100000000)
  region size 1024K, 76 young (77824K), 6 survivors (6144K)
 Metaspace       used 34292K, capacity 35493K, committed 35584K, reserved 1079296K
  class space    used 4294K, capacity 4795K, committed 4864K, reserved 1048576K
}
Event: 3.431 GC heap after
{Heap after GC invocations=7 (full 0):
 garbage-first heap   total 131072K, used 14444K [0x0000000081e00000, 0x0000000100000000)
  region size 1024K, 7 young (7168K), 7 survivors (7168K)
 Metaspace       used 34292K, capacity 35493K, committed 35584K, reserved 1079296K
  class space    used 4294K, capacity 4795K, committed 4864K, reserved 1048576K
}
Event: 3.493 GC heap before
{Heap before GC invocations=7 (full 0):
 garbage-first heap   total 131072K, used 25708K [0x0000000081e00000, 0x0000000100000000)
  region size 1024K, 20 young (20480K), 7 survivors (7168K)
 Metaspace       used 34610K, capacity 35819K, committed 35840K, reserved 1081344K
  class space    used 4330K, capacity 4861K, committed 4864K, reserved 1048576K
}

Deoptimization events (0 events):
No events

Classes redefined (0 events):
No events

Internal exceptions (10 events):
Event: 3.031 Thread 0x000001d2eaeb1000 Exception <a 'java/lang/ClassNotFoundException'{0x0000000088a78d88}: org/springframework/transaction/annotation/ProxyTransactionManagementConfigurationCustomizer> (0x0000000088a78d88) thrown at [./open/src/hotspot/share/classfile/systemDictionary.cpp, lin
Event: 3.032 Thread 0x000001d2eaeb1000 Exception <a 'java/lang/ClassNotFoundException'{0x0000000088a8b128}: org/springframework/context/annotation/ImportAwareCustomizer> (0x0000000088a8b128) thrown at [./open/src/hotspot/share/classfile/systemDictionary.cpp, line 228]
Event: 3.032 Thread 0x000001d2eaeb1000 Exception <a 'java/lang/ClassNotFoundException'{0x0000000088a98f30}: org/springframework/beans/factory/AwareCustomizer> (0x0000000088a98f30) thrown at [./open/src/hotspot/share/classfile/systemDictionary.cpp, line 228]
Event: 3.074 Thread 0x000001d2eaeb1000 Exception <a 'java/lang/NoSuchMethodError'{0x00000000887c33f8}: java.lang.invoke.DirectMethodHandle$Holder.invokeSpecialIFC(Ljava/lang/Object;Ljava/lang/Object;Ljava/lang/Object;)Ljava/lang/Object;> (0x00000000887c33f8) thrown at [./open/src/hotspot/share
Event: 3.111 Thread 0x000001d2eaeb1000 Exception <a 'java/lang/NoSuchMethodError'{0x0000000088572748}: java.lang.invoke.DirectMethodHandle$Holder.invokeSpecial(Ljava/lang/Object;Ljava/lang/Object;Ljava/lang/Object;Ljava/lang/Object;Ljava/lang/Object;)I> (0x0000000088572748) thrown at [./open/s
Event: 3.163 Thread 0x000001d2eaeb1000 Exception <a 'java/lang/NoSuchMethodError'{0x00000000883fed78}: java.lang.invoke.DirectMethodHandle$Holder.invokeInterface(Ljava/lang/Object;Ljava/lang/Object;I)V> (0x00000000883fed78) thrown at [./open/src/hotspot/share/interpreter/linkResolver.cpp, line
Event: 3.167 Thread 0x000001d2eaeb1000 Exception <a 'java/lang/IncompatibleClassChangeError'{0x000000008824a868}: Found class java.lang.Object, but interface was expected> (0x000000008824a868) thrown at [./open/src/hotspot/share/interpreter/linkResolver.cpp, line 838]
Event: 3.167 Thread 0x000001d2eaeb1000 Exception <a 'java/lang/NoSuchMethodError'{0x000000008824f9d8}: java.lang.invoke.DirectMethodHandle$Holder.invokeStatic(Ljava/lang/Object;ILjava/lang/Object;)V> (0x000000008824f9d8) thrown at [./open/src/hotspot/share/interpreter/linkResolver.cpp, line 77
Event: 3.174 Thread 0x000001d2fcd9a800 Exception <a 'java/lang/reflect/InvocationTargetException'{0x0000000088101df8}> (0x0000000088101df8) thrown at [./open/src/hotspot/share/runtime/reflection.cpp, line 1242]
Event: 3.474 Thread 0x000001d2eaeb1000 Exception <a 'java/io/FileNotFoundException'{0x000000008926d8a8}> (0x000000008926d8a8) thrown at [./open/src/hotspot/share/prims/jni.cpp, line 611]

Events (10 events):
Event: 3.490 loading class org/apache/catalina/authenticator/SingleSignOn done
Event: 3.490 loading class java/security/NoSuchProviderException
Event: 3.490 loading class java/security/NoSuchProviderException done
Event: 3.491 loading class org/apache/catalina/session/StandardManager
Event: 3.491 loading class org/apache/catalina/session/StandardManager done
Event: 3.491 loading class org/apache/catalina/session/ManagerBase
Event: 3.491 loading class org/apache/catalina/session/ManagerBase done
Event: 3.492 loading class org/apache/catalina/Session
Event: 3.492 loading class org/apache/catalina/Session done
Event: 3.493 Executing VM operation: CollectForMetadataAllocation


Dynamic libraries:
0x00007ff7c1db0000 - 0x00007ff7c1dbf000 	C:\Program Files\Java\jdk-11.0.12\bin\javaw.exe
0x00007ff8fcf90000 - 0x00007ff8fd188000 	C:\WINDOWS\SYSTEM32\ntdll.dll
0x00007ff8fb650000 - 0x00007ff8fb70d000 	C:\WINDOWS\System32\KERNEL32.DLL
0x00007ff8fad20000 - 0x00007ff8fafee000 	C:\WINDOWS\System32\KERNELBASE.dll
0x00007ff8fac20000 - 0x00007ff8fad20000 	C:\WINDOWS\System32\ucrtbase.dll
0x00007ff8f4500000 - 0x00007ff8f4518000 	C:\Program Files\Java\jdk-11.0.12\bin\jli.dll
0x00007ff8fb8b0000 - 0x00007ff8fb95e000 	C:\WINDOWS\System32\ADVAPI32.dll
0x00007ff8fcc00000 - 0x00007ff8fcc9e000 	C:\WINDOWS\System32\msvcrt.dll
0x00007ff8fceb0000 - 0x00007ff8fcf4c000 	C:\WINDOWS\System32\sechost.dll
0x00007ff8fb4f0000 - 0x00007ff8fb615000 	C:\WINDOWS\System32\RPCRT4.dll
0x00007ff8fb710000 - 0x00007ff8fb8b0000 	C:\WINDOWS\System32\USER32.dll
0x00007ff8fa8e0000 - 0x00007ff8fa902000 	C:\WINDOWS\System32\win32u.dll
0x00007ff8fba20000 - 0x00007ff8fba4a000 	C:\WINDOWS\System32\GDI32.dll
0x00007ff8fa6b0000 - 0x00007ff8fa7bb000 	C:\WINDOWS\System32\gdi32full.dll
0x00007ff8fa940000 - 0x00007ff8fa9dd000 	C:\WINDOWS\System32\msvcp_win.dll
0x00007ff8f3030000 - 0x00007ff8f3045000 	C:\Program Files\Java\jdk-11.0.12\bin\VCRUNTIME140.dll
0x00007ff8eddf0000 - 0x00007ff8ee08a000 	C:\WINDOWS\WinSxS\amd64_microsoft.windows.common-controls_6595b64144ccf1df_6.0.19041.1110_none_60b5254171f9507e\COMCTL32.dll
0x00007ff8f3950000 - 0x00007ff8f395a000 	C:\WINDOWS\SYSTEM32\VERSION.dll
0x00007ff8fb620000 - 0x00007ff8fb650000 	C:\WINDOWS\System32\IMM32.DLL
0x00007ff8f2070000 - 0x00007ff8f210b000 	C:\Program Files\Java\jdk-11.0.12\bin\msvcp140.dll
0x00007ff8aeb10000 - 0x00007ff8af60f000 	C:\Program Files\Java\jdk-11.0.12\bin\server\jvm.dll
0x00007ff8fcdc0000 - 0x00007ff8fcdc8000 	C:\WINDOWS\System32\PSAPI.DLL
0x00007ff8e6940000 - 0x00007ff8e6967000 	C:\WINDOWS\SYSTEM32\WINMM.dll
0x00007ff8f3010000 - 0x00007ff8f3019000 	C:\WINDOWS\SYSTEM32\WSOCK32.dll
0x00007ff8fc480000 - 0x00007ff8fc4eb000 	C:\WINDOWS\System32\WS2_32.dll
0x00007ff8f8f60000 - 0x00007ff8f8f72000 	C:\WINDOWS\SYSTEM32\kernel.appcore.dll
0x00007ff8f86e0000 - 0x00007ff8f86f0000 	C:\Program Files\Java\jdk-11.0.12\bin\verify.dll
0x00007ff8f8300000 - 0x00007ff8f84e4000 	C:\WINDOWS\SYSTEM32\DBGHELP.DLL
0x00007ff8ee0a0000 - 0x00007ff8ee0cc000 	C:\WINDOWS\SYSTEM32\dbgcore.DLL
0x00007ff8fa9e0000 - 0x00007ff8faa62000 	C:\WINDOWS\System32\bcryptPrimitives.dll
0x00007ff8f2040000 - 0x00007ff8f2068000 	C:\Program Files\Java\jdk-11.0.12\bin\java.dll
0x00007ff8f5dd0000 - 0x00007ff8f5dda000 	C:\Program Files\Java\jdk-11.0.12\bin\jimage.dll
0x00007ff8f2fc0000 - 0x00007ff8f2fd6000 	C:\Program Files\Java\jdk-11.0.12\bin\zip.dll
0x00007ff8fbcd0000 - 0x00007ff8fc413000 	C:\WINDOWS\System32\SHELL32.dll
0x00007ff8f8750000 - 0x00007ff8f8ee5000 	C:\WINDOWS\SYSTEM32\windows.storage.dll
0x00007ff8fc5c0000 - 0x00007ff8fc914000 	C:\WINDOWS\System32\combase.dll
0x00007ff8fa040000 - 0x00007ff8fa070000 	C:\WINDOWS\SYSTEM32\Wldp.dll
0x00007ff8fb970000 - 0x00007ff8fba1d000 	C:\WINDOWS\System32\SHCORE.dll
0x00007ff8fbc00000 - 0x00007ff8fbc55000 	C:\WINDOWS\System32\shlwapi.dll
0x00007ff8fa5f0000 - 0x00007ff8fa60f000 	C:\WINDOWS\SYSTEM32\profapi.dll
0x00007ff8df630000 - 0x00007ff8df649000 	C:\Program Files\Java\jdk-11.0.12\bin\net.dll
0x00007ff8ee440000 - 0x00007ff8ee54a000 	C:\WINDOWS\SYSTEM32\WINHTTP.dll
0x00007ff8f9da0000 - 0x00007ff8f9e0a000 	C:\WINDOWS\system32\mswsock.dll
0x00007ff8df610000 - 0x00007ff8df622000 	C:\Program Files\Java\jdk-11.0.12\bin\nio.dll
0x00007ff8f45f0000 - 0x00007ff8f45f9000 	C:\Program Files\Java\jdk-11.0.12\bin\management.dll
0x00007ff8f44d0000 - 0x00007ff8f44db000 	C:\Program Files\Java\jdk-11.0.12\bin\management_ext.dll
0x00007ff8eaa00000 - 0x00007ff8eaa17000 	C:\WINDOWS\system32\napinsp.dll
0x00007ff8e9480000 - 0x00007ff8e949b000 	C:\WINDOWS\system32\pnrpnsp.dll
0x00007ff8f4eb0000 - 0x00007ff8f4ec5000 	C:\WINDOWS\system32\wshbth.dll
0x00007ff8f5a40000 - 0x00007ff8f5a5d000 	C:\WINDOWS\system32\NLAapi.dll
0x00007ff8f9a90000 - 0x00007ff8f9acb000 	C:\WINDOWS\SYSTEM32\IPHLPAPI.DLL
0x00007ff8f9ad0000 - 0x00007ff8f9b9a000 	C:\WINDOWS\SYSTEM32\DNSAPI.dll
0x00007ff8fb960000 - 0x00007ff8fb968000 	C:\WINDOWS\System32\NSI.dll
0x00007ff8e7490000 - 0x00007ff8e74a2000 	C:\WINDOWS\System32\winrnr.dll
0x00007ff8ee090000 - 0x00007ff8ee09a000 	C:\Windows\System32\rasadhlp.dll
0x00007ff8edce0000 - 0x00007ff8edd60000 	C:\WINDOWS\System32\fwpuclnt.dll
0x00007ff8fa910000 - 0x00007ff8fa937000 	C:\WINDOWS\System32\bcrypt.dll
0x00007ff8f9f90000 - 0x00007ff8f9fa8000 	C:\WINDOWS\SYSTEM32\CRYPTSP.dll
0x00007ff8f9720000 - 0x00007ff8f9754000 	C:\WINDOWS\system32\rsaenh.dll
0x00007ff8fa560000 - 0x00007ff8fa58e000 	C:\WINDOWS\SYSTEM32\USERENV.dll
0x00007ff8f9fb0000 - 0x00007ff8f9fbc000 	C:\WINDOWS\SYSTEM32\CRYPTBASE.dll
0x00007ff8f1860000 - 0x00007ff8f1877000 	C:\WINDOWS\SYSTEM32\dhcpcsvc6.DLL
0x00007ff8f0ce0000 - 0x00007ff8f0cfd000 	C:\WINDOWS\SYSTEM32\dhcpcsvc.DLL

dbghelp: loaded successfully - version: 4.0.5 - missing functions: none
symbol engine: initialized successfully - sym options: 0x614 - pdb path: .;C:\Program Files\Java\jdk-11.0.12\bin;C:\WINDOWS\SYSTEM32;C:\WINDOWS\WinSxS\amd64_microsoft.windows.common-controls_6595b64144ccf1df_6.0.19041.1110_none_60b5254171f9507e;C:\Program Files\Java\jdk-11.0.12\bin\server

VM Arguments:
jvm_args: -Dcom.sun.management.jmxremote -Dcom.sun.management.jmxremote.port=53754 -Dcom.sun.management.jmxremote.authenticate=false -Dcom.sun.management.jmxremote.ssl=false -Djava.rmi.server.hostname=localhost -Dspring.jmx.enabled=true -Dspring.application.admin.enabled=true -XX:TieredStopAtLevel=1 -Dspring.boot.project.name=dslearn -Dfile.encoding=UTF-8 
java_command: com.devsuperior.dslearnbds.DslearnbdsApplication --spring.output.ansi.enabled=always
java_class_path (initial): E:\ws-bootcamp\dslearn\backend\target\classes;C:\Users\JOAO\.m2\repository\org\springframework\boot\spring-boot-starter-web\2.4.4\spring-boot-starter-web-2.4.4.jar;C:\Users\JOAO\.m2\repository\org\springframework\boot\spring-boot-starter\2.4.4\spring-boot-starter-2.4.4.jar;C:\Users\JOAO\.m2\repository\org\springframework\boot\spring-boot\2.4.4\spring-boot-2.4.4.jar;C:\Users\JOAO\.m2\repository\org\springframework\boot\spring-boot-autoconfigure\2.4.4\spring-boot-autoconfigure-2.4.4.jar;C:\Users\JOAO\.m2\repository\org\springframework\boot\spring-boot-starter-logging\2.4.4\spring-boot-starter-logging-2.4.4.jar;C:\Users\JOAO\.m2\repository\ch\qos\logback\logback-classic\1.2.3\logback-classic-1.2.3.jar;C:\Users\JOAO\.m2\repository\ch\qos\logback\logback-core\1.2.3\logback-core-1.2.3.jar;C:\Users\JOAO\.m2\repository\org\apache\logging\log4j\log4j-to-slf4j\2.13.3\log4j-to-slf4j-2.13.3.jar;C:\Users\JOAO\.m2\repository\org\apache\logging\log4j\log4j-api\2.13.3\log4j-api-2.13.3.jar;C:\Users\JOAO\.m2\repository\org\slf4j\jul-to-slf4j\1.7.30\jul-to-slf4j-1.7.30.jar;C:\Users\JOAO\.m2\repository\jakarta\annotation\jakarta.annotation-api\1.3.5\jakarta.annotation-api-1.3.5.jar;C:\Users\JOAO\.m2\repository\org\yaml\snakeyaml\1.27\snakeyaml-1.27.jar;C:\Users\JOAO\.m2\repository\org\springframework\boot\spring-boot-starter-json\2.4.4\spring-boot-starter-json-2.4.4.jar;C:\Users\JOAO\.m2\repository\com\fasterxml\jackson\core\jackson-databind\2.11.4\jackson-databind-2.11.4.jar;C:\Users\JOAO\.m2\repository\com\fasterxml\jackson\core\jackson-annotations\2.11.4\jackson-annotations-2.11.4.jar;C:\Users\JOAO\.m2\repository\com\fasterxml\jackson\core\jackson-core\2.11.4\jackson-core-2.11.4.jar;C:\Users\JOAO\.m2\repository\com\fasterxml\jackson\datatype\jackson-datatype-jdk8\2.11.4\jackson-datatype-jdk8-2.11.4.jar;C:\Users\JOAO\.m2\repository\com\fasterxml\jackson\datatype\jackson-datatype-jsr310\2.11.4\jackson-datatype-jsr310-2.11.4.jar;C:\Users\JOAO\.m2\repository
Launcher Type: SUN_STANDARD

[Global flags]
     intx CICompilerCount                          = 3                                         {product} {ergonomic}
     uint ConcGCThreads                            = 1                                         {product} {ergonomic}
     uint G1ConcRefinementThreads                  = 4                                         {product} {ergonomic}
   size_t G1HeapRegionSize                         = 1048576                                   {product} {ergonomic}
    uintx GCDrainStackTargetSize                   = 64                                        {product} {ergonomic}
   size_t InitialHeapSize                          = 134217728                                 {product} {ergonomic}
     bool ManagementServer                         = true                                      {product} {command line}
   size_t MarkStackSize                            = 4194304                                   {product} {ergonomic}
   size_t MaxHeapSize                              = 2116026368                                {product} {ergonomic}
   size_t MaxNewSize                               = 1268776960                                {product} {ergonomic}
   size_t MinHeapDeltaBytes                        = 1048576                                   {product} {ergonomic}
    uintx NonNMethodCodeHeapSize                   = 6973028                                {pd product} {ergonomic}
    uintx NonProfiledCodeHeapSize                  = 244685212                              {pd product} {ergonomic}
    uintx ProfiledCodeHeapSize                     = 0                                      {pd product} {ergonomic}
    uintx ReservedCodeCacheSize                    = 251658240                              {pd product} {ergonomic}
     bool SegmentedCodeCache                       = true                                      {product} {ergonomic}
     intx TieredStopAtLevel                        = 1                                         {product} {command line}
     bool UseCompressedClassPointers               = true                                 {lp64_product} {ergonomic}
     bool UseCompressedOops                        = true                                 {lp64_product} {ergonomic}
     bool UseG1GC                                  = true                                      {product} {ergonomic}
     bool UseLargePagesIndividualAllocation        = false                                  {pd product} {ergonomic}

Logging:
Log output configuration:
 #0: stdout all=warning uptime,level,tags
 #1: stderr all=off uptime,level,tags

Environment Variables:
JAVA_HOME=C:\Program Files\Java\jdk-11.0.12
PATH=C:/Program Files/STS/sts-4.12.1.RELEASE//plugins/org.eclipse.justj.openjdk.hotspot.jre.full.win32.x86_64_17.0.0.v20211012-1059/jre/bin/server;C:/Program Files/STS/sts-4.12.1.RELEASE//plugins/org.eclipse.justj.openjdk.hotspot.jre.full.win32.x86_64_17.0.0.v20211012-1059/jre/bin;C:\Program Files\Java\zulu17.34.19-ca-jdk17.0.3-win_x64\bin;C:\Program Files\Eclipse Adoptium\jdk-17.0.3.7-hotspot\bin;C:\Program Files\Common Files\Oracle\Java\javapath;C:\ProgramData\Oracle\Java\javapath;C:\Windows\system32;C:\Windows;C:\Windows\System32\Wbem;C:\Windows\System32\WindowsPowerShell\v1.0\;C:\Program Files (x86)\NVIDIA Corporation\PhysX\Common;C:\WINDOWS\system32;C:\WINDOWS;C:\WINDOWS\System32\Wbem;C:\WINDOWS\System32\WindowsPowerShell\v1.0\;C:\WINDOWS\System32\OpenSSH\;C:\Program Files (x86)\Windows Kits\10\Windows Performance Toolkit\;C:\Program Files\Java\jdk-11.0.12\bin;C:\javaAlura\apache-maven-3.6.3\bin;C:\ProgramData\UNIVALI\Portugol Studio;C:\javaAlura\Bootcamp everis\gradle-7.0.1;C:\Program Files\Git\cmd;C:\Program Files\NVIDIA Corporation\NVIDIA NvDLISR;C:\Program Files\nodejs\;C:\Program Files\MySQL\MySQL Shell 8.0\bin\;C:\Users\JOAO\AppData\Local\Microsoft\WindowsApps;C:\Users\JOAO\Desktop\javaAlura\apache-maven-3.6.3\bin;C:\Program Files\Docker Toolbox;C:\Program Files (x86)\GnuWin32\bin;E:\Instalações\Microsoft VS Code\bin;C:\Program Files\heroku\bin;C:\Users\JOAO\AppData\Local\GitHubDesktop\bin;C:\Users\JOAO\AppData\Roaming\npm;C:\Program Files\STS\sts-4.12.1.RELEASE;
USERNAME=JOAO
OS=Windows_NT
PROCESSOR_IDENTIFIER=Intel64 Family 6 Model 142 Stepping 9, GenuineIntel



---------------  S Y S T E M  ---------------

OS: Windows 10 , 64 bit Build 19041 (10.0.19041.1889)

CPU:total 4 (initial active 4) (2 cores per cpu, 2 threads per core) family 6 model 142 stepping 9 microcode 0xd6, cmov, cx8, fxsr, mmx, sse, sse2, sse3, ssse3, sse4.1, sse4.2, popcnt, avx, avx2, aes, clmul, erms, 3dnowpref, lzcnt, ht, tsc, tscinvbit, bmi1, bmi2, adx, fma

Memory: 4k page, system-wide physical 8066M (1038M free)
TotalPageFile size 8066M (AvailPageFile size 23M)
current process WorkingSet (physical memory assigned to process): 175M, peak: 175M
current process commit charge ("private bytes"): 245M, peak: 271M

vm_info: Java HotSpot(TM) 64-Bit Server VM (11.0.12+8-LTS-237) for windows-amd64 JRE (11.0.12+8-LTS-237), built on Jun  8 2021 11:25:59 by "mach5one" with MS VC++ 15.9 (VS2017)

END.
