#
# There is insufficient memory for the Java Runtime Environment to continue.
# Native memory allocation (mmap) failed to map 27262976 bytes for Failed to commit area from 0x0000000089e00000 to 0x000000008b800000 of length 27262976.
# Possible reasons:
#   The system is out of physical RAM or swap space
#   The process is running with CompressedOops enabled, and the Java Heap may be blocking the growth of the native heap
# Possible solutions:
#   Reduce memory load on the system
#   Increase physical memory or swap space
#   Check if swap backing store is full
#   Decrease Java heap size (-Xmx/-Xms)
#   Decrease number of Java threads
#   Decrease Java thread stack sizes (-Xss)
#   Set larger code cache with -XX:ReservedCodeCacheSize=
#   JVM is running with Unscaled Compressed Oops mode in which the Java heap is
#     placed in the first 4GB address space. The Java Heap base address is the
#     maximum limit for the native heap growth. Please use -XX:HeapBaseMinAddress
#     to set the Java Heap base and to place the Java Heap above 4GB virtual address.
# This output file may be truncated or incomplete.
#
#  Out of Memory Error (./open/src/hotspot/os/windows/os_windows.cpp:3273), pid=15556, tid=8040
#
# JRE version: Java(TM) SE Runtime Environment 18.9 (11.0.12+8) (build 11.0.12+8-LTS-237)
# Java VM: Java HotSpot(TM) 64-Bit Server VM 18.9 (11.0.12+8-LTS-237, mixed mode, tiered, compressed oops, g1 gc, windows-amd64)
# No core dump will be written. Minidumps are not enabled by default on client versions of Windows
#

---------------  S U M M A R Y ------------

Command Line: -Dcom.sun.management.jmxremote -Dcom.sun.management.jmxremote.port=53709 -Dcom.sun.management.jmxremote.authenticate=false -Dcom.sun.management.jmxremote.ssl=false -Djava.rmi.server.hostname=localhost -Dspring.jmx.enabled=true -Dspring.application.admin.enabled=true -XX:TieredStopAtLevel=1 -Dspring.boot.project.name=dslearn -Dfile.encoding=UTF-8 com.devsuperior.dslearnbds.DslearnbdsApplication --spring.output.ansi.enabled=always

Host: Intel(R) Core(TM) i5-7200U CPU @ 2.50GHz, 4 cores, 7G,  Windows 10 , 64 bit Build 19041 (10.0.19041.1889)
Time: Mon Oct  3 23:47:41 2022 Hora oficial do Brasil elapsed time: 5.483591 seconds (0d 0h 0m 5s)

---------------  T H R E A D  ---------------

Current thread (0x000001c23e784800):  VMThread "VM Thread" [stack: 0x0000005108e00000,0x0000005108f00000] [id=8040]

Stack: [0x0000005108e00000,0x0000005108f00000]
[error occurred during error reporting (printing stack bounds), id 0xc0000005, EXCEPTION_ACCESS_VIOLATION (0xc0000005) at pc=0x000001c228010f2d]

Native frames: (J=compiled Java code, j=interpreted, Vv=VM code, C=native code)
V  [jvm.dll+0x617d9a]
V  [jvm.dll+0x74eeef]
V  [jvm.dll+0x750599]
V  [jvm.dll+0x750b85]
V  [jvm.dll+0x750b3b]
V  [jvm.dll+0x6175d3]
V  [jvm.dll+0x617998]
C  [ntdll.dll+0xa235f]
C  [ntdll.dll+0x514a4]
C  [ntdll.dll+0xa0e8e]
C  0x000001c228010f2d

VM_Operation (0x00000051088f90a0): G1CollectForAllocation, mode: safepoint, requested by thread 0x000001c21e382000


---------------  P R O C E S S  ---------------

Threads class SMR info:
_java_thread_list=0x000001c24159fcb0, length=21, elements={
0x000001c21e382000, 0x000001c23e7ab000, 0x000001c23e7b4000, 0x000001c23f162800,
0x000001c23e7c3800, 0x000001c23e7cc800, 0x000001c23e7d5800, 0x000001c23e7d6800,
0x000001c23f27e000, 0x000001c23f782000, 0x000001c23f7b1800, 0x000001c23f79b000,
0x000001c23f8fb800, 0x000001c23fb4b800, 0x000001c23fb67000, 0x000001c23fb86800,
0x000001c2413c3800, 0x000001c2415c0800, 0x000001c2414f1000, 0x000001c2415d3800,
0x000001c2415d4000
}

Java Threads: ( => current thread )
  0x000001c21e382000 JavaThread "main" [_thread_blocked, id=17512, stack(0x0000005108800000,0x0000005108900000)]
  0x000001c23e7ab000 JavaThread "Reference Handler" daemon [_thread_blocked, id=12812, stack(0x0000005108f00000,0x0000005109000000)]
  0x000001c23e7b4000 JavaThread "Finalizer" daemon [_thread_blocked, id=9632, stack(0x0000005109000000,0x0000005109100000)]
  0x000001c23f162800 JavaThread "Signal Dispatcher" daemon [_thread_blocked, id=16880, stack(0x0000005109100000,0x0000005109200000)]
  0x000001c23e7c3800 JavaThread "Attach Listener" daemon [_thread_blocked, id=8524, stack(0x0000005109200000,0x0000005109300000)]
  0x000001c23e7cc800 JavaThread "Service Thread" daemon [_thread_blocked, id=7160, stack(0x0000005109300000,0x0000005109400000)]
  0x000001c23e7d5800 JavaThread "C1 CompilerThread0" daemon [_thread_blocked, id=4148, stack(0x0000005109400000,0x0000005109500000)]
  0x000001c23e7d6800 JavaThread "Sweeper thread" daemon [_thread_blocked, id=14464, stack(0x0000005109500000,0x0000005109600000)]
  0x000001c23f27e000 JavaThread "Common-Cleaner" daemon [_thread_blocked, id=7040, stack(0x0000005109600000,0x0000005109700000)]
  0x000001c23f782000 JavaThread "RMI TCP Accept-0" daemon [_thread_in_native, id=11884, stack(0x0000005109800000,0x0000005109900000)]
  0x000001c23f7b1800 JavaThread "RMI TCP Accept-53709" daemon [_thread_in_native, id=16340, stack(0x0000005109900000,0x0000005109a00000)]
  0x000001c23f79b000 JavaThread "RMI TCP Accept-0" daemon [_thread_in_native, id=12448, stack(0x0000005109a00000,0x0000005109b00000)]
  0x000001c23f8fb800 JavaThread "RMI TCP Connection(1)-127.0.0.1" daemon [_thread_in_native, id=11152, stack(0x0000005109f00000,0x000000510a000000)]
  0x000001c23fb4b800 JavaThread "RMI Scheduler(0)" daemon [_thread_blocked, id=1380, stack(0x000000510a000000,0x000000510a100000)]
  0x000001c23fb67000 JavaThread "RMI TCP Connection(2)-127.0.0.1" daemon [_thread_in_native, id=9772, stack(0x000000510a100000,0x000000510a200000)]
  0x000001c23fb86800 JavaThread "JMX server connection timeout 19" daemon [_thread_blocked, id=2680, stack(0x000000510a200000,0x000000510a300000)]
  0x000001c2413c3800 JavaThread "HikariPool-1 housekeeper" daemon [_thread_blocked, id=13872, stack(0x000000510a300000,0x000000510a400000)]
  0x000001c2415c0800 JavaThread "Catalina-utility-1" [_thread_blocked, id=3880, stack(0x000000510a500000,0x000000510a600000)]
  0x000001c2414f1000 JavaThread "Catalina-utility-2" [_thread_blocked, id=8768, stack(0x000000510a600000,0x000000510a700000)]
  0x000001c2415d3800 JavaThread "container-0" [_thread_blocked, id=3304, stack(0x000000510a700000,0x000000510a800000)]
  0x000001c2415d4000 JavaThread "HikariPool-1 connection adder" daemon [_thread_blocked, id=18080, stack(0x000000510a800000,0x000000510a900000)]

Other Threads:
=>0x000001c23e784800 VMThread "VM Thread" [stack: 0x0000005108e00000,0x0000005108f00000] [id=8040]
  0x000001c23f822000 WatcherThread [stack: 0x0000005109b00000,0x0000005109c00000] [id=6140]
  0x000001c21e398800 GCTaskThread "GC Thread#0" [stack: 0x0000005108900000,0x0000005108a00000] [id=18020]
  0x000001c23f837000 GCTaskThread "GC Thread#1" [stack: 0x0000005109c00000,0x0000005109d00000] [id=15216]
  0x000001c23f837800 GCTaskThread "GC Thread#2" [stack: 0x0000005109d00000,0x0000005109e00000] [id=3508]
  0x000001c240ca8000 GCTaskThread "GC Thread#3" [stack: 0x000000510a400000,0x000000510a500000] [id=16696]
  0x000001c21e3cc800 ConcurrentGCThread "G1 Main Marker" [stack: 0x0000005108a00000,0x0000005108b00000] [id=15564]
  0x000001c21e3ce000 ConcurrentGCThread "G1 Conc#0" [stack: 0x0000005108b00000,0x0000005108c00000] [id=4016]
  0x000001c23e600800 ConcurrentGCThread "G1 Refine#0" [stack: 0x0000005108c00000,0x0000005108d00000] [id=16672]
  0x000001c23f409800 ConcurrentGCThread "G1 Refine#1" [stack: 0x0000005109e00000,0x0000005109f00000] [id=15088]
  0x000001c23e601000 ConcurrentGCThread "G1 Young RemSet Sampling" [stack: 0x0000005108d00000,0x0000005108e00000] [id=12412]

Threads with active compile tasks:

VM state:at safepoint (normal execution)

VM Mutex/Monitor currently owned by a thread:  ([mutex/lock_event])
[0x000001c21e37cc70] Threads_lock - owner thread: 0x000001c23e784800
[0x000001c21e37e6e0] Heap_lock - owner thread: 0x000001c21e382000

Heap address: 0x0000000081e00000, size: 2018 MB, Compressed Oops mode: 32-bit
Narrow klass base: 0x0000000000000000, Narrow klass shift: 3
Compressed class space size: 1073741824 Address: 0x0000000100000000

Heap:
 garbage-first heap   total 157696K, used 19740K [0x0000000081e00000, 0x0000000100000000)
  region size 1024K, 6 young (6144K), 6 survivors (6144K)
 Metaspace       used 55352K, capacity 56734K, committed 56792K, reserved 1097728K
  class space    used 7367K, capacity 7925K, committed 7936K, reserved 1048576K
Heap Regions: E=young(eden), S=young(survivor), O=old, HS=humongous(starts), HC=humongous(continues), CS=collection set, F=free, A=archive, TAMS=top-at-mark-start (previous, next)
|   0|0x0000000081e00000, 0x0000000081f00000, 0x0000000081f00000|100%|HS|  |TAMS 0x0000000081f00000, 0x0000000081f00000| Complete 
|   1|0x0000000081f00000, 0x0000000082000000, 0x0000000082000000|100%| O|  |TAMS 0x0000000082000000, 0x0000000082000000| Untracked 
|   2|0x0000000082000000, 0x0000000082100000, 0x0000000082100000|100%| O|  |TAMS 0x0000000082100000, 0x0000000082100000| Untracked 
|   3|0x0000000082100000, 0x0000000082200000, 0x0000000082200000|100%| O|  |TAMS 0x0000000082200000, 0x0000000082200000| Untracked 
|   4|0x0000000082200000, 0x0000000082300000, 0x0000000082300000|100%| O|  |TAMS 0x0000000082300000, 0x0000000082300000| Untracked 
|   5|0x0000000082300000, 0x0000000082400000, 0x0000000082400000|100%| O|  |TAMS 0x0000000082400000, 0x0000000082400000| Untracked 
|   6|0x0000000082400000, 0x0000000082500000, 0x0000000082500000|100%| O|  |TAMS 0x0000000082500000, 0x0000000082500000| Untracked 
|   7|0x0000000082500000, 0x0000000082600000, 0x0000000082600000|100%| O|  |TAMS 0x0000000082600000, 0x0000000082600000| Untracked 
|   8|0x0000000082600000, 0x0000000082700000, 0x0000000082700000|100%| O|  |TAMS 0x0000000082700000, 0x0000000082700000| Untracked 
|   9|0x0000000082700000, 0x0000000082800000, 0x0000000082800000|100%| O|  |TAMS 0x0000000082800000, 0x0000000082800000| Untracked 
|  10|0x0000000082800000, 0x0000000082900000, 0x0000000082900000|100%| O|  |TAMS 0x0000000082900000, 0x0000000082900000| Untracked 
|  11|0x0000000082900000, 0x0000000082a00000, 0x0000000082a00000|100%| O|  |TAMS 0x0000000082a00000, 0x0000000082a00000| Untracked 
|  12|0x0000000082a00000, 0x0000000082b00000, 0x0000000082b00000|100%| O|  |TAMS 0x0000000082b00000, 0x0000000082b00000| Untracked 
|  13|0x0000000082b00000, 0x0000000082bb0400, 0x0000000082c00000| 68%| O|  |TAMS 0x0000000082bb0400, 0x0000000082bb0400| Untracked 
|  14|0x0000000082c00000, 0x0000000082c00000, 0x0000000082d00000|  0%| F|  |TAMS 0x0000000082c00000, 0x0000000082c00000| Untracked 
|  15|0x0000000082d00000, 0x0000000082d00000, 0x0000000082e00000|  0%| F|  |TAMS 0x0000000082d00000, 0x0000000082d00000| Untracked 
|  16|0x0000000082e00000, 0x0000000082e00000, 0x0000000082f00000|  0%| F|  |TAMS 0x0000000082e00000, 0x0000000082e00000| Untracked 
|  17|0x0000000082f00000, 0x0000000082f00000, 0x0000000083000000|  0%| F|  |TAMS 0x0000000082f00000, 0x0000000082f00000| Untracked 
|  18|0x0000000083000000, 0x0000000083000000, 0x0000000083100000|  0%| F|  |TAMS 0x0000000083000000, 0x0000000083000000| Untracked 
|  19|0x0000000083100000, 0x0000000083100000, 0x0000000083200000|  0%| F|  |TAMS 0x0000000083100000, 0x0000000083100000| Untracked 
|  20|0x0000000083200000, 0x0000000083200000, 0x0000000083300000|  0%| F|  |TAMS 0x0000000083200000, 0x0000000083200000| Untracked 
|  21|0x0000000083300000, 0x0000000083300000, 0x0000000083400000|  0%| F|  |TAMS 0x0000000083300000, 0x0000000083300000| Untracked 
|  22|0x0000000083400000, 0x0000000083400000, 0x0000000083500000|  0%| F|  |TAMS 0x0000000083400000, 0x0000000083400000| Untracked 
|  23|0x0000000083500000, 0x0000000083500000, 0x0000000083600000|  0%| F|  |TAMS 0x0000000083500000, 0x0000000083500000| Untracked 
|  24|0x0000000083600000, 0x0000000083600000, 0x0000000083700000|  0%| F|  |TAMS 0x0000000083600000, 0x0000000083600000| Untracked 
|  25|0x0000000083700000, 0x0000000083700000, 0x0000000083800000|  0%| F|  |TAMS 0x0000000083700000, 0x0000000083700000| Untracked 
|  26|0x0000000083800000, 0x0000000083800000, 0x0000000083900000|  0%| F|  |TAMS 0x0000000083800000, 0x0000000083800000| Untracked 
|  27|0x0000000083900000, 0x0000000083900000, 0x0000000083a00000|  0%| F|  |TAMS 0x0000000083900000, 0x0000000083900000| Untracked 
|  28|0x0000000083a00000, 0x0000000083a00000, 0x0000000083b00000|  0%| F|  |TAMS 0x0000000083a00000, 0x0000000083a00000| Untracked 
|  29|0x0000000083b00000, 0x0000000083b00000, 0x0000000083c00000|  0%| F|  |TAMS 0x0000000083b00000, 0x0000000083b00000| Untracked 
|  30|0x0000000083c00000, 0x0000000083c00000, 0x0000000083d00000|  0%| F|  |TAMS 0x0000000083c00000, 0x0000000083c00000| Untracked 
|  31|0x0000000083d00000, 0x0000000083d00000, 0x0000000083e00000|  0%| F|  |TAMS 0x0000000083d00000, 0x0000000083d00000| Untracked 
|  32|0x0000000083e00000, 0x0000000083e00000, 0x0000000083f00000|  0%| F|  |TAMS 0x0000000083e00000, 0x0000000083e00000| Untracked 
|  33|0x0000000083f00000, 0x0000000083f00000, 0x0000000084000000|  0%| F|  |TAMS 0x0000000083f00000, 0x0000000083f00000| Untracked 
|  34|0x0000000084000000, 0x0000000084000000, 0x0000000084100000|  0%| F|  |TAMS 0x0000000084000000, 0x0000000084000000| Untracked 
|  35|0x0000000084100000, 0x0000000084100000, 0x0000000084200000|  0%| F|  |TAMS 0x0000000084100000, 0x0000000084100000| Untracked 
|  36|0x0000000084200000, 0x0000000084200000, 0x0000000084300000|  0%| F|  |TAMS 0x0000000084200000, 0x0000000084200000| Untracked 
|  37|0x0000000084300000, 0x0000000084300000, 0x0000000084400000|  0%| F|  |TAMS 0x0000000084300000, 0x0000000084300000| Untracked 
|  38|0x0000000084400000, 0x0000000084400000, 0x0000000084500000|  0%| F|  |TAMS 0x0000000084400000, 0x0000000084400000| Untracked 
|  39|0x0000000084500000, 0x0000000084500000, 0x0000000084600000|  0%| F|  |TAMS 0x0000000084500000, 0x0000000084500000| Untracked 
|  40|0x0000000084600000, 0x0000000084600000, 0x0000000084700000|  0%| F|  |TAMS 0x0000000084600000, 0x0000000084600000| Untracked 
|  41|0x0000000084700000, 0x0000000084700000, 0x0000000084800000|  0%| F|  |TAMS 0x0000000084700000, 0x0000000084700000| Untracked 
|  42|0x0000000084800000, 0x0000000084800000, 0x0000000084900000|  0%| F|  |TAMS 0x0000000084800000, 0x0000000084800000| Untracked 
|  43|0x0000000084900000, 0x0000000084900000, 0x0000000084a00000|  0%| F|  |TAMS 0x0000000084900000, 0x0000000084900000| Untracked 
|  44|0x0000000084a00000, 0x0000000084a00000, 0x0000000084b00000|  0%| F|  |TAMS 0x0000000084a00000, 0x0000000084a00000| Untracked 
|  45|0x0000000084b00000, 0x0000000084b00000, 0x0000000084c00000|  0%| F|  |TAMS 0x0000000084b00000, 0x0000000084b00000| Untracked 
|  46|0x0000000084c00000, 0x0000000084c96ec0, 0x0000000084d00000| 58%| S|CS|TAMS 0x0000000084c00000, 0x0000000084c00000| Complete 
|  47|0x0000000084d00000, 0x0000000084e00000, 0x0000000084e00000|100%| S|CS|TAMS 0x0000000084d00000, 0x0000000084d00000| Complete 
|  48|0x0000000084e00000, 0x0000000084f00000, 0x0000000084f00000|100%| S|CS|TAMS 0x0000000084e00000, 0x0000000084e00000| Complete 
|  49|0x0000000084f00000, 0x0000000085000000, 0x0000000085000000|100%| S|CS|TAMS 0x0000000084f00000, 0x0000000084f00000| Complete 
|  50|0x0000000085000000, 0x0000000085100000, 0x0000000085100000|100%| S|CS|TAMS 0x0000000085000000, 0x0000000085000000| Complete 
|  51|0x0000000085100000, 0x0000000085200000, 0x0000000085200000|100%| S|CS|TAMS 0x0000000085100000, 0x0000000085100000| Complete 
|  52|0x0000000085200000, 0x0000000085200000, 0x0000000085300000|  0%| F|  |TAMS 0x0000000085200000, 0x0000000085200000| Untracked 
|  53|0x0000000085300000, 0x0000000085300000, 0x0000000085400000|  0%| F|  |TAMS 0x0000000085300000, 0x0000000085300000| Untracked 
|  54|0x0000000085400000, 0x0000000085400000, 0x0000000085500000|  0%| F|  |TAMS 0x0000000085400000, 0x0000000085400000| Untracked 
|  55|0x0000000085500000, 0x0000000085500000, 0x0000000085600000|  0%| F|  |TAMS 0x0000000085500000, 0x0000000085500000| Untracked 
|  56|0x0000000085600000, 0x0000000085600000, 0x0000000085700000|  0%| F|  |TAMS 0x0000000085600000, 0x0000000085600000| Untracked 
|  57|0x0000000085700000, 0x0000000085700000, 0x0000000085800000|  0%| F|  |TAMS 0x0000000085700000, 0x0000000085700000| Untracked 
|  58|0x0000000085800000, 0x0000000085800000, 0x0000000085900000|  0%| F|  |TAMS 0x0000000085800000, 0x0000000085800000| Untracked 
|  59|0x0000000085900000, 0x0000000085900000, 0x0000000085a00000|  0%| F|  |TAMS 0x0000000085900000, 0x0000000085900000| Untracked 
|  60|0x0000000085a00000, 0x0000000085a00000, 0x0000000085b00000|  0%| F|  |TAMS 0x0000000085a00000, 0x0000000085a00000| Untracked 
|  61|0x0000000085b00000, 0x0000000085b00000, 0x0000000085c00000|  0%| F|  |TAMS 0x0000000085b00000, 0x0000000085b00000| Untracked 
|  62|0x0000000085c00000, 0x0000000085c00000, 0x0000000085d00000|  0%| F|  |TAMS 0x0000000085c00000, 0x0000000085c00000| Untracked 
|  63|0x0000000085d00000, 0x0000000085d00000, 0x0000000085e00000|  0%| F|  |TAMS 0x0000000085d00000, 0x0000000085d00000| Untracked 
|  64|0x0000000085e00000, 0x0000000085e00000, 0x0000000085f00000|  0%| F|  |TAMS 0x0000000085e00000, 0x0000000085e00000| Untracked 
|  65|0x0000000085f00000, 0x0000000085f00000, 0x0000000086000000|  0%| F|  |TAMS 0x0000000085f00000, 0x0000000085f00000| Untracked 
|  66|0x0000000086000000, 0x0000000086000000, 0x0000000086100000|  0%| F|  |TAMS 0x0000000086000000, 0x0000000086000000| Untracked 
|  67|0x0000000086100000, 0x0000000086100000, 0x0000000086200000|  0%| F|  |TAMS 0x0000000086100000, 0x0000000086100000| Untracked 
|  68|0x0000000086200000, 0x0000000086200000, 0x0000000086300000|  0%| F|  |TAMS 0x0000000086200000, 0x0000000086200000| Untracked 
|  69|0x0000000086300000, 0x0000000086300000, 0x0000000086400000|  0%| F|  |TAMS 0x0000000086300000, 0x0000000086300000| Untracked 
|  70|0x0000000086400000, 0x0000000086400000, 0x0000000086500000|  0%| F|  |TAMS 0x0000000086400000, 0x0000000086400000| Untracked 
|  71|0x0000000086500000, 0x0000000086500000, 0x0000000086600000|  0%| F|  |TAMS 0x0000000086500000, 0x0000000086500000| Untracked 
|  72|0x0000000086600000, 0x0000000086600000, 0x0000000086700000|  0%| F|  |TAMS 0x0000000086600000, 0x0000000086600000| Untracked 
|  73|0x0000000086700000, 0x0000000086700000, 0x0000000086800000|  0%| F|  |TAMS 0x0000000086700000, 0x0000000086700000| Untracked 
|  74|0x0000000086800000, 0x0000000086800000, 0x0000000086900000|  0%| F|  |TAMS 0x0000000086800000, 0x0000000086800000| Untracked 
|  75|0x0000000086900000, 0x0000000086900000, 0x0000000086a00000|  0%| F|  |TAMS 0x0000000086900000, 0x0000000086900000| Untracked 
|  76|0x0000000086a00000, 0x0000000086a00000, 0x0000000086b00000|  0%| F|  |TAMS 0x0000000086a00000, 0x0000000086a00000| Untracked 
|  77|0x0000000086b00000, 0x0000000086b00000, 0x0000000086c00000|  0%| F|  |TAMS 0x0000000086b00000, 0x0000000086b00000| Untracked 
|  78|0x0000000086c00000, 0x0000000086c00000, 0x0000000086d00000|  0%| F|  |TAMS 0x0000000086c00000, 0x0000000086c00000| Untracked 
|  79|0x0000000086d00000, 0x0000000086d00000, 0x0000000086e00000|  0%| F|  |TAMS 0x0000000086d00000, 0x0000000086d00000| Untracked 
|  80|0x0000000086e00000, 0x0000000086e00000, 0x0000000086f00000|  0%| F|  |TAMS 0x0000000086e00000, 0x0000000086e00000| Untracked 
|  81|0x0000000086f00000, 0x0000000086f00000, 0x0000000087000000|  0%| F|  |TAMS 0x0000000086f00000, 0x0000000086f00000| Untracked 
|  82|0x0000000087000000, 0x0000000087000000, 0x0000000087100000|  0%| F|  |TAMS 0x0000000087000000, 0x0000000087000000| Untracked 
|  83|0x0000000087100000, 0x0000000087100000, 0x0000000087200000|  0%| F|  |TAMS 0x0000000087100000, 0x0000000087100000| Untracked 
|  84|0x0000000087200000, 0x0000000087200000, 0x0000000087300000|  0%| F|  |TAMS 0x0000000087200000, 0x0000000087200000| Untracked 
|  85|0x0000000087300000, 0x0000000087300000, 0x0000000087400000|  0%| F|  |TAMS 0x0000000087300000, 0x0000000087300000| Untracked 
|  86|0x0000000087400000, 0x0000000087400000, 0x0000000087500000|  0%| F|  |TAMS 0x0000000087400000, 0x0000000087400000| Untracked 
|  87|0x0000000087500000, 0x0000000087500000, 0x0000000087600000|  0%| F|  |TAMS 0x0000000087500000, 0x0000000087500000| Untracked 
|  88|0x0000000087600000, 0x0000000087600000, 0x0000000087700000|  0%| F|  |TAMS 0x0000000087600000, 0x0000000087600000| Untracked 
|  89|0x0000000087700000, 0x0000000087700000, 0x0000000087800000|  0%| F|  |TAMS 0x0000000087700000, 0x0000000087700000| Untracked 
|  90|0x0000000087800000, 0x0000000087800000, 0x0000000087900000|  0%| F|  |TAMS 0x0000000087800000, 0x0000000087800000| Untracked 
|  91|0x0000000087900000, 0x0000000087900000, 0x0000000087a00000|  0%| F|  |TAMS 0x0000000087900000, 0x0000000087900000| Untracked 
|  92|0x0000000087a00000, 0x0000000087a00000, 0x0000000087b00000|  0%| F|  |TAMS 0x0000000087a00000, 0x0000000087a00000| Untracked 
|  93|0x0000000087b00000, 0x0000000087b00000, 0x0000000087c00000|  0%| F|  |TAMS 0x0000000087b00000, 0x0000000087b00000| Untracked 
|  94|0x0000000087c00000, 0x0000000087c00000, 0x0000000087d00000|  0%| F|  |TAMS 0x0000000087c00000, 0x0000000087c00000| Untracked 
|  95|0x0000000087d00000, 0x0000000087d00000, 0x0000000087e00000|  0%| F|  |TAMS 0x0000000087d00000, 0x0000000087d00000| Untracked 
|  96|0x0000000087e00000, 0x0000000087e00000, 0x0000000087f00000|  0%| F|  |TAMS 0x0000000087e00000, 0x0000000087e00000| Untracked 
|  97|0x0000000087f00000, 0x0000000087f00000, 0x0000000088000000|  0%| F|  |TAMS 0x0000000087f00000, 0x0000000087f00000| Untracked 
|  98|0x0000000088000000, 0x0000000088000000, 0x0000000088100000|  0%| F|  |TAMS 0x0000000088000000, 0x0000000088000000| Untracked 
|  99|0x0000000088100000, 0x0000000088100000, 0x0000000088200000|  0%| F|  |TAMS 0x0000000088100000, 0x0000000088100000| Untracked 
| 100|0x0000000088200000, 0x0000000088200000, 0x0000000088300000|  0%| F|  |TAMS 0x0000000088200000, 0x0000000088200000| Untracked 
| 101|0x0000000088300000, 0x0000000088300000, 0x0000000088400000|  0%| F|  |TAMS 0x0000000088300000, 0x0000000088300000| Untracked 
| 102|0x0000000088400000, 0x0000000088400000, 0x0000000088500000|  0%| F|  |TAMS 0x0000000088400000, 0x0000000088400000| Untracked 
| 103|0x0000000088500000, 0x0000000088500000, 0x0000000088600000|  0%| F|  |TAMS 0x0000000088500000, 0x0000000088500000| Untracked 
| 104|0x0000000088600000, 0x0000000088600000, 0x0000000088700000|  0%| F|  |TAMS 0x0000000088600000, 0x0000000088600000| Untracked 
| 105|0x0000000088700000, 0x0000000088700000, 0x0000000088800000|  0%| F|  |TAMS 0x0000000088700000, 0x0000000088700000| Untracked 
| 106|0x0000000088800000, 0x0000000088800000, 0x0000000088900000|  0%| F|  |TAMS 0x0000000088800000, 0x0000000088800000| Untracked 
| 107|0x0000000088900000, 0x0000000088900000, 0x0000000088a00000|  0%| F|  |TAMS 0x0000000088900000, 0x0000000088900000| Untracked 
| 108|0x0000000088a00000, 0x0000000088a00000, 0x0000000088b00000|  0%| F|  |TAMS 0x0000000088a00000, 0x0000000088a00000| Untracked 
| 109|0x0000000088b00000, 0x0000000088b00000, 0x0000000088c00000|  0%| F|  |TAMS 0x0000000088b00000, 0x0000000088b00000| Untracked 
| 110|0x0000000088c00000, 0x0000000088c00000, 0x0000000088d00000|  0%| F|  |TAMS 0x0000000088c00000, 0x0000000088c00000| Untracked 
| 111|0x0000000088d00000, 0x0000000088d00000, 0x0000000088e00000|  0%| F|  |TAMS 0x0000000088d00000, 0x0000000088d00000| Untracked 
| 112|0x0000000088e00000, 0x0000000088e00000, 0x0000000088f00000|  0%| F|  |TAMS 0x0000000088e00000, 0x0000000088e00000| Untracked 
| 113|0x0000000088f00000, 0x0000000088f00000, 0x0000000089000000|  0%| F|  |TAMS 0x0000000088f00000, 0x0000000088f00000| Untracked 
| 114|0x0000000089000000, 0x0000000089000000, 0x0000000089100000|  0%| F|  |TAMS 0x0000000089000000, 0x0000000089000000| Untracked 
| 115|0x0000000089100000, 0x0000000089100000, 0x0000000089200000|  0%| F|  |TAMS 0x0000000089100000, 0x0000000089100000| Untracked 
| 116|0x0000000089200000, 0x0000000089200000, 0x0000000089300000|  0%| F|  |TAMS 0x0000000089200000, 0x0000000089200000| Untracked 
| 117|0x0000000089300000, 0x0000000089300000, 0x0000000089400000|  0%| F|  |TAMS 0x0000000089300000, 0x0000000089300000| Untracked 
| 118|0x0000000089400000, 0x0000000089400000, 0x0000000089500000|  0%| F|  |TAMS 0x0000000089400000, 0x0000000089400000| Untracked 
| 119|0x0000000089500000, 0x0000000089500000, 0x0000000089600000|  0%| F|  |TAMS 0x0000000089500000, 0x0000000089500000| Untracked 
| 120|0x0000000089600000, 0x0000000089600000, 0x0000000089700000|  0%| F|  |TAMS 0x0000000089600000, 0x0000000089600000| Untracked 
| 121|0x0000000089700000, 0x0000000089700000, 0x0000000089800000|  0%| F|  |TAMS 0x0000000089700000, 0x0000000089700000| Untracked 
| 122|0x0000000089800000, 0x0000000089800000, 0x0000000089900000|  0%| F|  |TAMS 0x0000000089800000, 0x0000000089800000| Untracked 
| 123|0x0000000089900000, 0x0000000089900000, 0x0000000089a00000|  0%| F|  |TAMS 0x0000000089900000, 0x0000000089900000| Untracked 
| 124|0x0000000089a00000, 0x0000000089a00000, 0x0000000089b00000|  0%| F|  |TAMS 0x0000000089a00000, 0x0000000089a00000| Untracked 
| 125|0x0000000089b00000, 0x0000000089b00000, 0x0000000089c00000|  0%| F|  |TAMS 0x0000000089b00000, 0x0000000089b00000| Untracked 
| 126|0x0000000089c00000, 0x0000000089c00000, 0x0000000089d00000|  0%| F|  |TAMS 0x0000000089c00000, 0x0000000089c00000| Untracked 
| 127|0x0000000089d00000, 0x0000000089d00000, 0x0000000089e00000|  0%| F|  |TAMS 0x0000000089d00000, 0x0000000089d00000| Untracked 

Card table byte_map: [0x000001c237a40000,0x000001c237e40000] _byte_map_base: 0x000001c237631000

Marking Bits (Prev, Next): (CMBitMap*) 0x000001c21e3c3c00, (CMBitMap*) 0x000001c21e3c3bc8
 Prev Bits: [0x000001c23a1d0000, 0x000001c23c158000)
 Next Bits: [0x000001c238240000, 0x000001c23a1c8000)

Polling page: 0x000001c227ff0000

Metaspace:

Usage:
  Non-class:     47.67 MB capacity,    46.86 MB ( 98%) used,   657.70 KB (  1%) free+waste,   165.88 KB ( <1%) overhead. 
      Class:      7.74 MB capacity,     7.19 MB ( 93%) used,   476.71 KB (  6%) free+waste,    81.19 KB (  1%) overhead. 
       Both:     55.40 MB capacity,    54.06 MB ( 98%) used,     1.11 MB (  2%) free+waste,   247.06 KB ( <1%) overhead. 

Virtual space:
  Non-class space:       48.00 MB reserved,      47.71 MB (>99%) committed 
      Class space:        1.00 GB reserved,       7.75 MB ( <1%) committed 
             Both:        1.05 GB reserved,      55.46 MB (  5%) committed 

Chunk freelists:
   Non-Class:  5.88 KB
       Class:  1.38 KB
        Both:  7.25 KB

CodeHeap 'non-profiled nmethods': size=238912Kb used=6252Kb max_used=6252Kb free=232659Kb
 bounds [0x000001c2286c0000, 0x000001c228ce0000, 0x000001c237010000]
CodeHeap 'non-nmethods': size=6848Kb used=1226Kb max_used=1226Kb free=5621Kb
 bounds [0x000001c228010000, 0x000001c228280000, 0x000001c2286c0000]
 total_blobs=4812 nmethods=4214 adapters=524
 compilation: enabled
              stopped_count=0, restarted_count=0
 full_count=0

Compilation events (10 events):
Event: 5.450 Thread 0x000001c23e7d5800 4210       1       org.springframework.asm.MethodVisitor::visitLineNumber (17 bytes)
Event: 5.450 Thread 0x000001c23e7d5800 nmethod 4210 0x000001c228cd9790 code [0x000001c228cd9940, 0x000001c228cd9a28]
Event: 5.450 Thread 0x000001c23e7d5800 4211       1       org.springframework.asm.ClassReader::readShort (27 bytes)
Event: 5.450 Thread 0x000001c23e7d5800 nmethod 4211 0x000001c228cd9a90 code [0x000001c228cd9c20, 0x000001c228cd9d38]
Event: 5.450 Thread 0x000001c23e7d5800 4212       1       org.springframework.asm.MethodVisitor::visitInsn (16 bytes)
Event: 5.450 Thread 0x000001c23e7d5800 nmethod 4212 0x000001c228cd9e10 code [0x000001c228cd9fc0, 0x000001c228cda0a8]
Event: 5.450 Thread 0x000001c23e7d5800 4213       1       org.springframework.beans.factory.support.RootBeanDefinition::getResolvedFactoryMethod (5 bytes)
Event: 5.450 Thread 0x000001c23e7d5800 nmethod 4213 0x000001c228cda110 code [0x000001c228cda2a0, 0x000001c228cda358]
Event: 5.450 Thread 0x000001c23e7d5800 4214   !   1       jdk.internal.reflect.GeneratedMethodAccessor8::invoke (63 bytes)
Event: 5.452 Thread 0x000001c23e7d5800 nmethod 4214 0x000001c228cda410 code [0x000001c228cda640, 0x000001c228cdac28]

GC Heap History (10 events):
Event: 2.009 GC heap after
{Heap after GC invocations=3 (full 0):
 garbage-first heap   total 131072K, used 8645K [0x0000000081e00000, 0x0000000100000000)
  region size 1024K, 3 young (3072K), 3 survivors (3072K)
 Metaspace       used 20453K, capacity 21150K, committed 21248K, reserved 1067008K
  class space    used 2451K, capacity 2748K, committed 2816K, reserved 1048576K
}
Event: 2.293 GC heap before
{Heap before GC invocations=4 (full 0):
 garbage-first heap   total 131072K, used 71109K [0x0000000081e00000, 0x0000000100000000)
  region size 1024K, 65 young (66560K), 3 survivors (3072K)
 Metaspace       used 26036K, capacity 26870K, committed 27136K, reserved 1073152K
  class space    used 3153K, capacity 3490K, committed 3584K, reserved 1048576K
}
Event: 2.299 GC heap after
{Heap after GC invocations=5 (full 0):
 garbage-first heap   total 131072K, used 9997K [0x0000000081e00000, 0x0000000100000000)
  region size 1024K, 4 young (4096K), 4 survivors (4096K)
 Metaspace       used 26036K, capacity 26870K, committed 27136K, reserved 1073152K
  class space    used 3153K, capacity 3490K, committed 3584K, reserved 1048576K
}
Event: 3.373 GC heap before
{Heap before GC invocations=6 (full 0):
 garbage-first heap   total 131072K, used 83725K [0x0000000081e00000, 0x0000000100000000)
  region size 1024K, 76 young (77824K), 4 survivors (4096K)
 Metaspace       used 34024K, capacity 35258K, committed 35584K, reserved 1079296K
  class space    used 4272K, capacity 4762K, committed 4864K, reserved 1048576K
}
Event: 3.386 GC heap after
{Heap after GC invocations=7 (full 0):
 garbage-first heap   total 131072K, used 13976K [0x0000000081e00000, 0x0000000100000000)
  region size 1024K, 8 young (8192K), 8 survivors (8192K)
 Metaspace       used 34024K, capacity 35258K, committed 35584K, reserved 1079296K
  class space    used 4272K, capacity 4762K, committed 4864K, reserved 1048576K
}
Event: 3.872 GC heap before
{Heap before GC invocations=7 (full 0):
 garbage-first heap   total 131072K, used 82584K [0x0000000081e00000, 0x0000000100000000)
  region size 1024K, 76 young (77824K), 8 survivors (8192K)
 Metaspace       used 39134K, capacity 40379K, committed 40448K, reserved 1085440K
  class space    used 4841K, capacity 5340K, committed 5376K, reserved 1048576K
}
Event: 3.883 GC heap after
{Heap after GC invocations=8 (full 0):
 garbage-first heap   total 131072K, used 16096K [0x0000000081e00000, 0x0000000100000000)
  region size 1024K, 7 young (7168K), 7 survivors (7168K)
 Metaspace       used 39134K, capacity 40379K, committed 40448K, reserved 1085440K
  class space    used 4841K, capacity 5340K, committed 5376K, reserved 1048576K
}
Event: 4.334 GC heap before
{Heap before GC invocations=8 (full 0):
 garbage-first heap   total 131072K, used 46816K [0x0000000081e00000, 0x0000000100000000)
  region size 1024K, 38 young (38912K), 7 survivors (7168K)
 Metaspace       used 44327K, capacity 45565K, committed 45656K, reserved 1089536K
  class space    used 5698K, capacity 6233K, committed 6272K, reserved 1048576K
}
Event: 4.343 GC heap after
{Heap after GC invocations=9 (full 0):
 garbage-first heap   total 131072K, used 17383K [0x0000000081e00000, 0x0000000100000000)
  region size 1024K, 4 young (4096K), 4 survivors (4096K)
 Metaspace       used 44327K, capacity 45565K, committed 45656K, reserved 1089536K
  class space    used 5698K, capacity 6233K, committed 6272K, reserved 1048576K
}
Event: 5.464 GC heap before
{Heap before GC invocations=10 (full 0):
 garbage-first heap   total 131072K, used 91111K [0x0000000081e00000, 0x0000000100000000)
  region size 1024K, 76 young (77824K), 4 survivors (4096K)
 Metaspace       used 55352K, capacity 56734K, committed 56792K, reserved 1097728K
  class space    used 7367K, capacity 7925K, committed 7936K, reserved 1048576K
}

Deoptimization events (0 events):
No events

Classes redefined (0 events):
No events

Internal exceptions (10 events):
Event: 5.397 Thread 0x000001c21e382000 Exception <a 'java/lang/ClassNotFoundException'{0x00000000855f56c0}: java/lang/ObjectCustomizer> (0x00000000855f56c0) thrown at [./open/src/hotspot/share/classfile/systemDictionary.cpp, line 228]
Event: 5.398 Thread 0x000001c21e382000 Exception <a 'java/lang/ClassNotFoundException'{0x0000000085409c60}: org/springframework/web/servlet/config/annotation/WebMvcConfigurationSupportCustomizer> (0x0000000085409c60) thrown at [./open/src/hotspot/share/classfile/systemDictionary.cpp, line 228]
Event: 5.398 Thread 0x000001c21e382000 Exception <a 'java/lang/ClassNotFoundException'{0x000000008542a258}: org/springframework/web/servlet/config/annotation/DelegatingWebMvcConfigurationCustomizer> (0x000000008542a258) thrown at [./open/src/hotspot/share/classfile/systemDictionary.cpp, line 2
Event: 5.399 Thread 0x000001c21e382000 Exception <a 'java/lang/ClassNotFoundException'{0x0000000085441ee0}: org/springframework/boot/autoconfigure/web/servlet/WebMvcAutoConfiguration$EnableWebMvcConfigurationCustomizer> (0x0000000085441ee0) thrown at [./open/src/hotspot/share/classfile/systemD
Event: 5.400 Thread 0x000001c21e382000 Exception <a 'java/lang/ClassNotFoundException'{0x000000008545ed50}: org/springframework/context/ResourceLoaderAwareCustomizer> (0x000000008545ed50) thrown at [./open/src/hotspot/share/classfile/systemDictionary.cpp, line 228]
Event: 5.401 Thread 0x000001c21e382000 Exception <a 'java/lang/ClassNotFoundException'{0x000000008546c6d0}: org/springframework/beans/factory/AwareCustomizer> (0x000000008546c6d0) thrown at [./open/src/hotspot/share/classfile/systemDictionary.cpp, line 228]
Event: 5.401 Thread 0x000001c21e382000 Exception <a 'java/lang/ClassNotFoundException'{0x000000008547a900}: org/springframework/context/ApplicationContextAwareCustomizer> (0x000000008547a900) thrown at [./open/src/hotspot/share/classfile/systemDictionary.cpp, line 228]
Event: 5.401 Thread 0x000001c21e382000 Exception <a 'java/lang/ClassNotFoundException'{0x0000000085488ea8}: org/springframework/beans/factory/AwareCustomizer> (0x0000000085488ea8) thrown at [./open/src/hotspot/share/classfile/systemDictionary.cpp, line 228]
Event: 5.402 Thread 0x000001c21e382000 Exception <a 'java/lang/ClassNotFoundException'{0x00000000854970b0}: org/springframework/web/context/ServletContextAwareCustomizer> (0x00000000854970b0) thrown at [./open/src/hotspot/share/classfile/systemDictionary.cpp, line 228]
Event: 5.402 Thread 0x000001c21e382000 Exception <a 'java/lang/ClassNotFoundException'{0x00000000854a4e98}: org/springframework/beans/factory/AwareCustomizer> (0x00000000854a4e98) thrown at [./open/src/hotspot/share/classfile/systemDictionary.cpp, line 228]

Events (10 events):
Event: 5.460 loading class org/springframework/web/bind/support/DefaultDataBinderFactory done
Event: 5.461 loading class org/springframework/web/servlet/mvc/method/annotation/ServletRequestDataBinderFactory
Event: 5.461 loading class org/springframework/web/servlet/mvc/method/annotation/ServletRequestDataBinderFactory done
Event: 5.462 loading class org/springframework/web/method/HandlerMethod
Event: 5.462 loading class org/springframework/web/method/HandlerMethod done
Event: 5.463 loading class org/springframework/web/servlet/mvc/method/annotation/ServletInvocableHandlerMethod
Event: 5.463 loading class org/springframework/web/servlet/mvc/method/annotation/ServletInvocableHandlerMethod done
Event: 5.464 loading class org/springframework/web/method/support/InvocableHandlerMethod
Event: 5.464 loading class org/springframework/web/method/support/InvocableHandlerMethod done
Event: 5.464 Executing VM operation: G1CollectForAllocation


Dynamic libraries:
0x00007ff7c1db0000 - 0x00007ff7c1dbf000 	C:\Program Files\Java\jdk-11.0.12\bin\javaw.exe
0x00007ff8fcf90000 - 0x00007ff8fd188000 	C:\WINDOWS\SYSTEM32\ntdll.dll
0x00007ff8fb650000 - 0x00007ff8fb70d000 	C:\WINDOWS\System32\KERNEL32.DLL
0x00007ff8fad20000 - 0x00007ff8fafee000 	C:\WINDOWS\System32\KERNELBASE.dll
0x00007ff8fac20000 - 0x00007ff8fad20000 	C:\WINDOWS\System32\ucrtbase.dll
0x00007ff8f4500000 - 0x00007ff8f4518000 	C:\Program Files\Java\jdk-11.0.12\bin\jli.dll
0x00007ff8fb8b0000 - 0x00007ff8fb95e000 	C:\WINDOWS\System32\ADVAPI32.dll
0x00007ff8fcc00000 - 0x00007ff8fcc9e000 	C:\WINDOWS\System32\msvcrt.dll
0x00007ff8fceb0000 - 0x00007ff8fcf4c000 	C:\WINDOWS\System32\sechost.dll
0x00007ff8fb4f0000 - 0x00007ff8fb615000 	C:\WINDOWS\System32\RPCRT4.dll
0x00007ff8fb710000 - 0x00007ff8fb8b0000 	C:\WINDOWS\System32\USER32.dll
0x00007ff8fa8e0000 - 0x00007ff8fa902000 	C:\WINDOWS\System32\win32u.dll
0x00007ff8fba20000 - 0x00007ff8fba4a000 	C:\WINDOWS\System32\GDI32.dll
0x00007ff8fa6b0000 - 0x00007ff8fa7bb000 	C:\WINDOWS\System32\gdi32full.dll
0x00007ff8fa940000 - 0x00007ff8fa9dd000 	C:\WINDOWS\System32\msvcp_win.dll
0x00007ff8f3030000 - 0x00007ff8f3045000 	C:\Program Files\Java\jdk-11.0.12\bin\VCRUNTIME140.dll
0x00007ff8eddf0000 - 0x00007ff8ee08a000 	C:\WINDOWS\WinSxS\amd64_microsoft.windows.common-controls_6595b64144ccf1df_6.0.19041.1110_none_60b5254171f9507e\COMCTL32.dll
0x00007ff8f3950000 - 0x00007ff8f395a000 	C:\WINDOWS\SYSTEM32\VERSION.dll
0x00007ff8fb620000 - 0x00007ff8fb650000 	C:\WINDOWS\System32\IMM32.DLL
0x00007ff8f2070000 - 0x00007ff8f210b000 	C:\Program Files\Java\jdk-11.0.12\bin\msvcp140.dll
0x00007ff8aeb10000 - 0x00007ff8af60f000 	C:\Program Files\Java\jdk-11.0.12\bin\server\jvm.dll
0x00007ff8fcdc0000 - 0x00007ff8fcdc8000 	C:\WINDOWS\System32\PSAPI.DLL
0x00007ff8f3010000 - 0x00007ff8f3019000 	C:\WINDOWS\SYSTEM32\WSOCK32.dll
0x00007ff8fc480000 - 0x00007ff8fc4eb000 	C:\WINDOWS\System32\WS2_32.dll
0x00007ff8e6940000 - 0x00007ff8e6967000 	C:\WINDOWS\SYSTEM32\WINMM.dll
0x00007ff8f8f60000 - 0x00007ff8f8f72000 	C:\WINDOWS\SYSTEM32\kernel.appcore.dll
0x00007ff8f86e0000 - 0x00007ff8f86f0000 	C:\Program Files\Java\jdk-11.0.12\bin\verify.dll
0x00007ff8f8300000 - 0x00007ff8f84e4000 	C:\WINDOWS\SYSTEM32\DBGHELP.DLL
0x00007ff8ee0a0000 - 0x00007ff8ee0cc000 	C:\WINDOWS\SYSTEM32\dbgcore.DLL
0x00007ff8fa9e0000 - 0x00007ff8faa62000 	C:\WINDOWS\System32\bcryptPrimitives.dll
0x00007ff8f2040000 - 0x00007ff8f2068000 	C:\Program Files\Java\jdk-11.0.12\bin\java.dll
0x00007ff8f5dd0000 - 0x00007ff8f5dda000 	C:\Program Files\Java\jdk-11.0.12\bin\jimage.dll
0x00007ff8f2fc0000 - 0x00007ff8f2fd6000 	C:\Program Files\Java\jdk-11.0.12\bin\zip.dll
0x00007ff8fbcd0000 - 0x00007ff8fc413000 	C:\WINDOWS\System32\SHELL32.dll
0x00007ff8f8750000 - 0x00007ff8f8ee5000 	C:\WINDOWS\SYSTEM32\windows.storage.dll
0x00007ff8fc5c0000 - 0x00007ff8fc914000 	C:\WINDOWS\System32\combase.dll
0x00007ff8fa040000 - 0x00007ff8fa070000 	C:\WINDOWS\SYSTEM32\Wldp.dll
0x00007ff8fb970000 - 0x00007ff8fba1d000 	C:\WINDOWS\System32\SHCORE.dll
0x00007ff8fbc00000 - 0x00007ff8fbc55000 	C:\WINDOWS\System32\shlwapi.dll
0x00007ff8fa5f0000 - 0x00007ff8fa60f000 	C:\WINDOWS\SYSTEM32\profapi.dll
0x00007ff8df630000 - 0x00007ff8df649000 	C:\Program Files\Java\jdk-11.0.12\bin\net.dll
0x00007ff8ee440000 - 0x00007ff8ee54a000 	C:\WINDOWS\SYSTEM32\WINHTTP.dll
0x00007ff8f9da0000 - 0x00007ff8f9e0a000 	C:\WINDOWS\system32\mswsock.dll
0x00007ff8df610000 - 0x00007ff8df622000 	C:\Program Files\Java\jdk-11.0.12\bin\nio.dll
0x00007ff8f45f0000 - 0x00007ff8f45f9000 	C:\Program Files\Java\jdk-11.0.12\bin\management.dll
0x00007ff8f44d0000 - 0x00007ff8f44db000 	C:\Program Files\Java\jdk-11.0.12\bin\management_ext.dll
0x00007ff8eaa00000 - 0x00007ff8eaa17000 	C:\WINDOWS\system32\napinsp.dll
0x00007ff8e9480000 - 0x00007ff8e949b000 	C:\WINDOWS\system32\pnrpnsp.dll
0x00007ff8f4eb0000 - 0x00007ff8f4ec5000 	C:\WINDOWS\system32\wshbth.dll
0x00007ff8f5a40000 - 0x00007ff8f5a5d000 	C:\WINDOWS\system32\NLAapi.dll
0x00007ff8f9a90000 - 0x00007ff8f9acb000 	C:\WINDOWS\SYSTEM32\IPHLPAPI.DLL
0x00007ff8f9ad0000 - 0x00007ff8f9b9a000 	C:\WINDOWS\SYSTEM32\DNSAPI.dll
0x00007ff8fb960000 - 0x00007ff8fb968000 	C:\WINDOWS\System32\NSI.dll
0x00007ff8e7490000 - 0x00007ff8e74a2000 	C:\WINDOWS\System32\winrnr.dll
0x00007ff8ee090000 - 0x00007ff8ee09a000 	C:\Windows\System32\rasadhlp.dll
0x00007ff8edce0000 - 0x00007ff8edd60000 	C:\WINDOWS\System32\fwpuclnt.dll
0x00007ff8fa910000 - 0x00007ff8fa937000 	C:\WINDOWS\System32\bcrypt.dll
0x00007ff8f9f90000 - 0x00007ff8f9fa8000 	C:\WINDOWS\SYSTEM32\CRYPTSP.dll
0x00007ff8f9720000 - 0x00007ff8f9754000 	C:\WINDOWS\system32\rsaenh.dll
0x00007ff8fa560000 - 0x00007ff8fa58e000 	C:\WINDOWS\SYSTEM32\USERENV.dll
0x00007ff8f9fb0000 - 0x00007ff8f9fbc000 	C:\WINDOWS\SYSTEM32\CRYPTBASE.dll
0x00007ff8f1860000 - 0x00007ff8f1877000 	C:\WINDOWS\SYSTEM32\dhcpcsvc6.DLL
0x00007ff8f0ce0000 - 0x00007ff8f0cfd000 	C:\WINDOWS\SYSTEM32\dhcpcsvc.DLL

dbghelp: loaded successfully - version: 4.0.5 - missing functions: none
symbol engine: initialized successfully - sym options: 0x614 - pdb path: .;C:\Program Files\Java\jdk-11.0.12\bin;C:\WINDOWS\SYSTEM32;C:\WINDOWS\WinSxS\amd64_microsoft.windows.common-controls_6595b64144ccf1df_6.0.19041.1110_none_60b5254171f9507e;C:\Program Files\Java\jdk-11.0.12\bin\server

VM Arguments:
jvm_args: -Dcom.sun.management.jmxremote -Dcom.sun.management.jmxremote.port=53709 -Dcom.sun.management.jmxremote.authenticate=false -Dcom.sun.management.jmxremote.ssl=false -Djava.rmi.server.hostname=localhost -Dspring.jmx.enabled=true -Dspring.application.admin.enabled=true -XX:TieredStopAtLevel=1 -Dspring.boot.project.name=dslearn -Dfile.encoding=UTF-8 
java_command: com.devsuperior.dslearnbds.DslearnbdsApplication --spring.output.ansi.enabled=always
java_class_path (initial): E:\ws-bootcamp\dslearn\backend\target\classes;C:\Users\JOAO\.m2\repository\org\springframework\boot\spring-boot-starter-web\2.4.4\spring-boot-starter-web-2.4.4.jar;C:\Users\JOAO\.m2\repository\org\springframework\boot\spring-boot-starter\2.4.4\spring-boot-starter-2.4.4.jar;C:\Users\JOAO\.m2\repository\org\springframework\boot\spring-boot\2.4.4\spring-boot-2.4.4.jar;C:\Users\JOAO\.m2\repository\org\springframework\boot\spring-boot-autoconfigure\2.4.4\spring-boot-autoconfigure-2.4.4.jar;C:\Users\JOAO\.m2\repository\org\springframework\boot\spring-boot-starter-logging\2.4.4\spring-boot-starter-logging-2.4.4.jar;C:\Users\JOAO\.m2\repository\ch\qos\logback\logback-classic\1.2.3\logback-classic-1.2.3.jar;C:\Users\JOAO\.m2\repository\ch\qos\logback\logback-core\1.2.3\logback-core-1.2.3.jar;C:\Users\JOAO\.m2\repository\org\apache\logging\log4j\log4j-to-slf4j\2.13.3\log4j-to-slf4j-2.13.3.jar;C:\Users\JOAO\.m2\repository\org\apache\logging\log4j\log4j-api\2.13.3\log4j-api-2.13.3.jar;C:\Users\JOAO\.m2\repository\org\slf4j\jul-to-slf4j\1.7.30\jul-to-slf4j-1.7.30.jar;C:\Users\JOAO\.m2\repository\jakarta\annotation\jakarta.annotation-api\1.3.5\jakarta.annotation-api-1.3.5.jar;C:\Users\JOAO\.m2\repository\org\yaml\snakeyaml\1.27\snakeyaml-1.27.jar;C:\Users\JOAO\.m2\repository\org\springframework\boot\spring-boot-starter-json\2.4.4\spring-boot-starter-json-2.4.4.jar;C:\Users\JOAO\.m2\repository\com\fasterxml\jackson\core\jackson-databind\2.11.4\jackson-databind-2.11.4.jar;C:\Users\JOAO\.m2\repository\com\fasterxml\jackson\core\jackson-annotations\2.11.4\jackson-annotations-2.11.4.jar;C:\Users\JOAO\.m2\repository\com\fasterxml\jackson\core\jackson-core\2.11.4\jackson-core-2.11.4.jar;C:\Users\JOAO\.m2\repository\com\fasterxml\jackson\datatype\jackson-datatype-jdk8\2.11.4\jackson-datatype-jdk8-2.11.4.jar;C:\Users\JOAO\.m2\repository\com\fasterxml\jackson\datatype\jackson-datatype-jsr310\2.11.4\jackson-datatype-jsr310-2.11.4.jar;C:\Users\JOAO\.m2\repository
Launcher Type: SUN_STANDARD

[Global flags]
     intx CICompilerCount                          = 3                                         {product} {ergonomic}
     uint ConcGCThreads                            = 1                                         {product} {ergonomic}
     uint G1ConcRefinementThreads                  = 4                                         {product} {ergonomic}
   size_t G1HeapRegionSize                         = 1048576                                   {product} {ergonomic}
    uintx GCDrainStackTargetSize                   = 64                                        {product} {ergonomic}
   size_t InitialHeapSize                          = 134217728                                 {product} {ergonomic}
     bool ManagementServer                         = true                                      {product} {command line}
   size_t MarkStackSize                            = 4194304                                   {product} {ergonomic}
   size_t MaxHeapSize                              = 2116026368                                {product} {ergonomic}
   size_t MaxNewSize                               = 1268776960                                {product} {ergonomic}
   size_t MinHeapDeltaBytes                        = 1048576                                   {product} {ergonomic}
    uintx NonNMethodCodeHeapSize                   = 6973028                                {pd product} {ergonomic}
    uintx NonProfiledCodeHeapSize                  = 244685212                              {pd product} {ergonomic}
    uintx ProfiledCodeHeapSize                     = 0                                      {pd product} {ergonomic}
    uintx ReservedCodeCacheSize                    = 251658240                              {pd product} {ergonomic}
     bool SegmentedCodeCache                       = true                                      {product} {ergonomic}
     intx TieredStopAtLevel                        = 1                                         {product} {command line}
     bool UseCompressedClassPointers               = true                                 {lp64_product} {ergonomic}
     bool UseCompressedOops                        = true                                 {lp64_product} {ergonomic}
     bool UseG1GC                                  = true                                      {product} {ergonomic}
     bool UseLargePagesIndividualAllocation        = false                                  {pd product} {ergonomic}

Logging:
Log output configuration:
 #0: stdout all=warning uptime,level,tags
 #1: stderr all=off uptime,level,tags

Environment Variables:
JAVA_HOME=C:\Program Files\Java\jdk-11.0.12
PATH=C:/Program Files/STS/sts-4.12.1.RELEASE//plugins/org.eclipse.justj.openjdk.hotspot.jre.full.win32.x86_64_17.0.0.v20211012-1059/jre/bin/server;C:/Program Files/STS/sts-4.12.1.RELEASE//plugins/org.eclipse.justj.openjdk.hotspot.jre.full.win32.x86_64_17.0.0.v20211012-1059/jre/bin;C:\Program Files\Java\zulu17.34.19-ca-jdk17.0.3-win_x64\bin;C:\Program Files\Eclipse Adoptium\jdk-17.0.3.7-hotspot\bin;C:\Program Files\Common Files\Oracle\Java\javapath;C:\ProgramData\Oracle\Java\javapath;C:\Windows\system32;C:\Windows;C:\Windows\System32\Wbem;C:\Windows\System32\WindowsPowerShell\v1.0\;C:\Program Files (x86)\NVIDIA Corporation\PhysX\Common;C:\WINDOWS\system32;C:\WINDOWS;C:\WINDOWS\System32\Wbem;C:\WINDOWS\System32\WindowsPowerShell\v1.0\;C:\WINDOWS\System32\OpenSSH\;C:\Program Files (x86)\Windows Kits\10\Windows Performance Toolkit\;C:\Program Files\Java\jdk-11.0.12\bin;C:\javaAlura\apache-maven-3.6.3\bin;C:\ProgramData\UNIVALI\Portugol Studio;C:\javaAlura\Bootcamp everis\gradle-7.0.1;C:\Program Files\Git\cmd;C:\Program Files\NVIDIA Corporation\NVIDIA NvDLISR;C:\Program Files\nodejs\;C:\Program Files\MySQL\MySQL Shell 8.0\bin\;C:\Users\JOAO\AppData\Local\Microsoft\WindowsApps;C:\Users\JOAO\Desktop\javaAlura\apache-maven-3.6.3\bin;C:\Program Files\Docker Toolbox;C:\Program Files (x86)\GnuWin32\bin;E:\Instalações\Microsoft VS Code\bin;C:\Program Files\heroku\bin;C:\Users\JOAO\AppData\Local\GitHubDesktop\bin;C:\Users\JOAO\AppData\Roaming\npm;C:\Program Files\STS\sts-4.12.1.RELEASE;
USERNAME=JOAO
OS=Windows_NT
PROCESSOR_IDENTIFIER=Intel64 Family 6 Model 142 Stepping 9, GenuineIntel



---------------  S Y S T E M  ---------------

OS: Windows 10 , 64 bit Build 19041 (10.0.19041.1889)

CPU:total 4 (initial active 4) (2 cores per cpu, 2 threads per core) family 6 model 142 stepping 9 microcode 0xd6, cmov, cx8, fxsr, mmx, sse, sse2, sse3, ssse3, sse4.1, sse4.2, popcnt, avx, avx2, aes, clmul, erms, 3dnowpref, lzcnt, ht, tsc, tscinvbit, bmi1, bmi2, adx, fma

Memory: 4k page, system-wide physical 8066M (1027M free)
TotalPageFile size 8066M (AvailPageFile size 11M)
current process WorkingSet (physical memory assigned to process): 211M, peak: 211M
current process commit charge ("private bytes"): 274M, peak: 300M

vm_info: Java HotSpot(TM) 64-Bit Server VM (11.0.12+8-LTS-237) for windows-amd64 JRE (11.0.12+8-LTS-237), built on Jun  8 2021 11:25:59 by "mach5one" with MS VC++ 15.9 (VS2017)

END.
